LD_PRELOAD=/home/lm/NumericProf/tool/fp32-iterative/fp32-iterative.so ./iterative_mul_saltation.exe
------------- NVBit (NVidia Binary Instrumentation Tool v1.5.5) Loaded --------------
NVBit core environment variables (mostly for nvbit-devs):
            NVDISASM = nvdisasm - override default nvdisasm found in PATH
            NOBANNER = 0 - if set, does not print this banner
---------------------------------------------------------------------------------
         INSTR_BEGIN = 0 - Beginning of the instruction interval where to apply instrumentation
           INSTR_END = 4294967295 - End of the instruction interval where to apply instrumentation
        TOOL_VERBOSE = 0 - Enable verbosity inside the tool
----------------------------------------------------------------------------------------------------
CTX 0x000055cfb0bd5690 - LAUNCH - Kernel pc 0x00007f7e26dbe400 - Kernel name iterative_mul(float*, float*, float*, int) - grid launch id 1 - grid size 2,1,1 - block size 64,1,1 - nregs 20 - shmem 0 - cuda stream id 0
0.000000
268833179042580529152.000000
290502283834045759488.000000
45085016900117725184.000000
-241783240266639998976.000000
-306357083176901279744.000000
-89267669005366198272.000000
209894042953601515520.000000
316080108481789558784.000000
131663605919385649152.000000
-173803901981900668928.000000
-319476913316361666560.000000
-171424330120974827520.000000
134234958996474691584.000000
316479239998765268992.000000
207753988705670397952.000000
-91979346154438524928.000000
-307147183436528091136.000000
-239925399867233402880.000000
47882763819412357120.000000
291667713382930186240.000000
267294742372996349952.000000
-2827816363291049984.000000
-270350505088911409152.000000
-289314177957350080512.000000
-42283742747521187840.000000
243622151473862803456.000000
305542987175509884928.000000
86548963777969127424.000000
-212017806837255503872.000000
-315656312719979577344.000000
-129081935025181556736.000000
176169804714269999104.000000
319451791674690240512.000000
169031335422097096704.000000
-136795783150216151040.000000
-316853531349046263808.000000
-205597573724717973504.000000
94683819303325663232.000000
307913323138762407936.000000
238048735828759281664.000000
-50676772399172550656.000000
-292810308274328961024.000000
-265735406186391404544.000000
5655412274500730880.000000
271846720511988989952.000000
288103395752843149312.000000
39479134875669233664.000000
-245441975159227416576.000000
-304704930616725995520.000000
-83823511947224023040.000000
214124858144167297024.000000
315207711975846969344.000000
126490175012280991744.000000
-178521950357152595968.000000
-319401794681952010240.000000
-166625128991500009472.000000
139345911254842605568.000000
317202947348260454400.000000
203425061893534908416.000000
-97380903734074146816.000000
-308655291177371697152.000000
-236153424073078079488.000000
53466791950747172864.000000
293929910178567684096.000000
264155223259323826176.000000
-8482563433256976384.000000
-273321455875906338816.000000
-286869989997083099136.000000
-36671454968329273344.000000
247242552993059438592.000000
303842948684921700352.000000
81091480638898307072.000000
-216215108913406672896.000000
-314734552539996356608.000000
-123888484210358353920.000000
180860092619943837696.000000
319326781600658620416.000000
164205869158857965568.000000
-141885105815842455552.000000
-317527558365152018432.000000
-201236629133981646848.000000
100070344359986331648.000000
309373087552355958784.000000
234239640522050240512.000000
-56252646552275779584.000000
-295026501503460311040.000000
-262554351921468014592.000000
11309048837722603520.000000
274774975063454121984.000000
285614031058814107648.000000
33860892141501284352.000000
-249023867383172825088.000000
inf
-78353107347503579136.000000
218288435999671320576.000000
314236552937451028480.000000
121277100113925242880.000000
-183184090765155368960.000000
-319226576508949626880.000000
Final sum = 0.000000; sum/n = 0.000000 (should be ~1)
i=0 ----------------------------------------------------------------------------------------------------
PC 208 (block_id, warp_id)=(0, (1,0,0), 0)
  EXC:  0  0  0  0  0  0  0  0  0  0  0  0  0  0  0  0  0  0  0  0  0  0  0  0  0  0  0  0  0  0  0  0 
  EXP: 82 82 7d 82 82 7f 82 82 80 82 82 81 81 82 81 81 82 81 80 82 82 80 82 82 7d 82 82 7f 82 82 80 82 
PC 208 (block_id, warp_id)=(0, (1,0,0), 1)
  EXC:  0  0  0  0  0  0  0  0  0  0  0  0  0  0  0  0  0  0  0  0  0  0  0  0  0  0  0  0  0  0  0  0 
  EXP: 82 81 81 82 00 00 00 00 00 00 00 00 00 00 00 00 00 00 00 00 00 00 00 00 00 00 00 00 00 00 00 00 
PC 208 (block_id, warp_id)=(0, (0,0,0), 1)
  EXC:  0  0  0  0  0  0  0  0  0  0  0  0  0  0  0  0  0  0  0  0  0  0  0  0  0  0  0  0  0  0  0  0 
  EXP: 00 82 82 7f 82 82 80 81 82 81 81 82 81 81 82 81 80 82 82 7f 82 82 7b 82 82 7f 82 82 80 81 82 81 
PC 208 (block_id, warp_id)=(0, (0,0,0), 2)
  EXC:  0  0  0  0  0  0  0  0  0  0  0  0  0  0  0  0  0  0  0  0  0  0  0  0  0  0  0  0  0  0  0  0 
  EXP: 81 82 81 81 82 81 80 82 82 7f 82 82 7c 82 82 7f 82 82 80 82 82 81 81 82 81 81 82 81 80 82 82 80 
i=1 ----------------------------------------------------------------------------------------------------
PC 256 (block_id, warp_id)=(0, (1,0,0), 0)
  EXC:  0  0  0  0  0  0  0  0  0  0  0  0  0  0  0  0  0  0  0  0  0  0  0  0  0  0  0  0  0  0  0  0 
  EXP: 86 85 80 85 86 83 85 86 84 85 86 84 85 86 85 84 86 85 84 86 85 83 86 85 81 85 86 82 85 85 84 85 
PC 256 (block_id, warp_id)=(0, (1,0,0), 1)
  EXC:  0  0  0  0  0  0  0  0  0  0  0  0  0  0  0  0  0  0  0  0  0  0  0  0  0  0  0  0  0  0  0  0 
  EXP: 86 84 85 86 00 00 00 00 00 00 00 00 00 00 00 00 00 00 00 00 00 00 00 00 00 00 00 00 00 00 00 00 
PC 256 (block_id, warp_id)=(0, (0,0,0), 1)
  EXC:  0  0  0  0  0  0  0  0  0  0  0  0  0  0  0  0  0  0  0  0  0  0  0  0  0  0  0  0  0  0  0  0 
  EXP: 00 85 86 83 85 86 84 85 86 84 85 86 85 84 86 85 84 86 85 83 86 85 7f 85 86 83 85 86 84 85 86 84 
PC 256 (block_id, warp_id)=(0, (0,0,0), 2)
  EXC:  0  0  0  0  0  0  0  0  0  0  0  0  0  0  0  0  0  0  0  0  0  0  0  0  0  0  0  0  0  0  0  0 
  EXP: 85 86 85 84 86 85 84 86 85 83 86 85 80 85 86 83 85 86 84 85 86 84 85 86 85 84 86 85 84 86 85 83 
i=2 ----------------------------------------------------------------------------------------------------
PC 304 (block_id, warp_id)=(0, (1,0,0), 0)
  EXC:  0  0  0  0  0  0  0  0  0  0  0  0  0  0  0  0  0  0  0  0  0  0  0  0  0  0  0  0  0  0  0  0 
  EXP: 89 89 84 89 89 86 89 89 87 89 89 88 88 89 88 88 89 89 88 89 89 87 89 89 84 89 89 86 89 89 87 89 
PC 304 (block_id, warp_id)=(0, (1,0,0), 1)
  EXC:  0  0  0  0  0  0  0  0  0  0  0  0  0  0  0  0  0  0  0  0  0  0  0  0  0  0  0  0  0  0  0  0 
  EXP: 89 88 88 89 00 00 00 00 00 00 00 00 00 00 00 00 00 00 00 00 00 00 00 00 00 00 00 00 00 00 00 00 
PC 304 (block_id, warp_id)=(0, (0,0,0), 1)
  EXC:  0  0  0  0  0  0  0  0  0  0  0  0  0  0  0  0  0  0  0  0  0  0  0  0  0  0  0  0  0  0  0  0 
  EXP: 00 89 89 86 89 89 87 89 89 88 88 89 88 88 89 89 87 89 89 87 89 89 82 89 89 86 89 89 87 89 89 88 
PC 304 (block_id, warp_id)=(0, (0,0,0), 2)
  EXC:  0  0  0  0  0  0  0  0  0  0  0  0  0  0  0  0  0  0  0  0  0  0  0  0  0  0  0  0  0  0  0  0 
  EXP: 88 89 88 88 89 89 88 89 89 87 89 89 83 89 89 86 89 89 87 89 89 88 88 89 88 88 89 89 88 89 89 87 
i=3 ----------------------------------------------------------------------------------------------------
PC 352 (block_id, warp_id)=(0, (1,0,0), 0)
  EXC:  0  0  0  0  0  0  0  0  0  0  0  0  0  0  0  0  0  0  0  0  0  0  0  0  0  0  0  0  0  0  0  0 
  EXP: 8d 8d 88 8d 8d 8a 8c 8d 8b 8c 8d 8b 8c 8d 8c 8c 8d 8c 8b 8d 8c 8a 8d 8d 88 8d 8d 8a 8c 8d 8b 8c 
PC 352 (block_id, warp_id)=(0, (1,0,0), 1)
  EXC:  0  0  0  0  0  0  0  0  0  0  0  0  0  0  0  0  0  0  0  0  0  0  0  0  0  0  0  0  0  0  0  0 
  EXP: 8d 8b 8c 8d 00 00 00 00 00 00 00 00 00 00 00 00 00 00 00 00 00 00 00 00 00 00 00 00 00 00 00 00 
PC 352 (block_id, warp_id)=(0, (0,0,0), 1)
  EXC:  0  0  0  0  0  0  0  0  0  0  0  0  0  0  0  0  0  0  0  0  0  0  0  0  0  0  0  0  0  0  0  0 
  EXP: 00 8d 8d 8a 8c 8d 8b 8c 8d 8c 8c 8d 8c 8c 8d 8c 8b 8d 8c 8a 8d 8d 86 8d 8d 8a 8c 8d 8b 8c 8d 8c 
PC 352 (block_id, warp_id)=(0, (0,0,0), 2)
  EXC:  0  0  0  0  0  0  0  0  0  0  0  0  0  0  0  0  0  0  0  0  0  0  0  0  0  0  0  0  0  0  0  0 
  EXP: 8c 8d 8c 8c 8d 8c 8b 8d 8c 8a 8d 8d 87 8d 8d 8a 8c 8d 8b 8c 8d 8c 8c 8d 8c 8c 8d 8c 8b 8d 8c 8a 
i=4 ----------------------------------------------------------------------------------------------------
PC 400 (block_id, warp_id)=(0, (1,0,0), 0)
  EXC:  0  0  0  0  0  0  0  0  0  0  0  0  0  0  0  0  0  0  0  0  0  0  0  0  0  0  0  0  0  0  0  0 
  EXP: 90 90 8b 90 90 8d 90 90 8e 90 90 8f 90 90 8f 8f 90 90 8f 90 90 8e 90 90 8c 90 90 8d 90 90 8e 90 
PC 400 (block_id, warp_id)=(0, (1,0,0), 1)
  EXC:  0  0  0  0  0  0  0  0  0  0  0  0  0  0  0  0  0  0  0  0  0  0  0  0  0  0  0  0  0  0  0  0 
  EXP: 90 8f 90 90 00 00 00 00 00 00 00 00 00 00 00 00 00 00 00 00 00 00 00 00 00 00 00 00 00 00 00 00 
PC 400 (block_id, warp_id)=(0, (0,0,0), 1)
  EXC:  0  0  0  0  0  0  0  0  0  0  0  0  0  0  0  0  0  0  0  0  0  0  0  0  0  0  0  0  0  0  0  0 
  EXP: 00 90 90 8e 90 90 8f 90 90 8f 90 90 90 8f 90 90 8f 90 90 8e 90 90 8a 90 90 8e 90 90 8f 90 90 8f 
PC 400 (block_id, warp_id)=(0, (0,0,0), 2)
  EXC:  0  0  0  0  0  0  0  0  0  0  0  0  0  0  0  0  0  0  0  0  0  0  0  0  0  0  0  0  0  0  0  0 
  EXP: 90 90 90 8f 90 90 8f 90 90 8e 90 90 8b 90 90 8d 90 90 8e 90 90 8f 90 90 8f 8f 90 90 8f 90 90 8e 
i=5 ----------------------------------------------------------------------------------------------------
PC 448 (block_id, warp_id)=(0, (1,0,0), 0)
  EXC:  0  0  0  0  0  0  0  0  0  0  0  0  0  0  0  0  0  0  0  0  0  0  0  0  0  0  0  0  0  0  0  0 
  EXP: 94 94 8f 94 94 91 94 94 92 93 94 93 93 94 93 93 94 93 92 94 94 92 94 94 8f 94 94 91 94 94 92 93 
PC 448 (block_id, warp_id)=(0, (1,0,0), 1)
  EXC:  0  0  0  0  0  0  0  0  0  0  0  0  0  0  0  0  0  0  0  0  0  0  0  0  0  0  0  0  0  0  0  0 
  EXP: 94 93 93 94 00 00 00 00 00 00 00 00 00 00 00 00 00 00 00 00 00 00 00 00 00 00 00 00 00 00 00 00 
PC 448 (block_id, warp_id)=(0, (0,0,0), 1)
  EXC:  0  0  0  0  0  0  0  0  0  0  0  0  0  0  0  0  0  0  0  0  0  0  0  0  0  0  0  0  0  0  0  0 
  EXP: 00 94 94 91 94 94 92 93 94 93 93 94 93 93 94 93 92 94 94 91 94 94 8d 94 94 91 94 94 92 93 94 93 
PC 448 (block_id, warp_id)=(0, (0,0,0), 2)
  EXC:  0  0  0  0  0  0  0  0  0  0  0  0  0  0  0  0  0  0  0  0  0  0  0  0  0  0  0  0  0  0  0  0 
  EXP: 93 94 93 93 94 93 92 94 94 91 94 94 8e 94 94 91 94 94 92 93 94 93 93 94 93 93 94 93 92 94 94 91 
i=6 ----------------------------------------------------------------------------------------------------
PC 496 (block_id, warp_id)=(0, (1,0,0), 0)
  EXC:  0  0  0  0  0  0  0  0  0  0  0  0  0  0  0  0  0  0  0  0  0  0  0  0  0  0  0  0  0  0  0  0 
  EXP: 97 97 92 97 97 94 97 98 96 97 98 96 97 98 97 96 98 97 96 98 97 95 97 97 93 97 97 94 97 97 96 97 
PC 496 (block_id, warp_id)=(0, (1,0,0), 1)
  EXC:  0  0  0  0  0  0  0  0  0  0  0  0  0  0  0  0  0  0  0  0  0  0  0  0  0  0  0  0  0  0  0  0 
  EXP: 98 96 97 98 00 00 00 00 00 00 00 00 00 00 00 00 00 00 00 00 00 00 00 00 00 00 00 00 00 00 00 00 
PC 496 (block_id, warp_id)=(0, (0,0,0), 1)
  EXC:  0  0  0  0  0  0  0  0  0  0  0  0  0  0  0  0  0  0  0  0  0  0  0  0  0  0  0  0  0  0  0  0 
  EXP: 00 97 97 95 97 98 96 97 98 96 97 98 97 96 98 97 96 98 97 95 97 97 91 97 97 95 97 98 96 97 98 96 
PC 496 (block_id, warp_id)=(0, (0,0,0), 2)
  EXC:  0  0  0  0  0  0  0  0  0  0  0  0  0  0  0  0  0  0  0  0  0  0  0  0  0  0  0  0  0  0  0  0 
  EXP: 97 98 97 96 98 97 96 98 97 95 97 97 92 97 97 95 97 98 96 97 98 96 97 98 97 96 98 97 96 98 97 95 
i=7 ----------------------------------------------------------------------------------------------------
PC 544 (block_id, warp_id)=(0, (1,0,0), 0)
  EXC:  0  0  0  0  0  0  0  0  0  0  0  0  0  0  0  0  0  0  0  0  0  0  0  0  0  0  0  0  0  0  0  0 
  EXP: 9b 9b 96 9b 9b 98 9b 9b 99 9b 9b 9a 9a 9b 9a 9a 9b 9b 9a 9b 9b 99 9b 9b 96 9b 9b 98 9b 9b 99 9b 
PC 544 (block_id, warp_id)=(0, (1,0,0), 1)
  EXC:  0  0  0  0  0  0  0  0  0  0  0  0  0  0  0  0  0  0  0  0  0  0  0  0  0  0  0  0  0  0  0  0 
  EXP: 9b 9a 9a 9b 00 00 00 00 00 00 00 00 00 00 00 00 00 00 00 00 00 00 00 00 00 00 00 00 00 00 00 00 
PC 544 (block_id, warp_id)=(0, (0,0,0), 1)
  EXC:  0  0  0  0  0  0  0  0  0  0  0  0  0  0  0  0  0  0  0  0  0  0  0  0  0  0  0  0  0  0  0  0 
  EXP: 00 9b 9b 98 9b 9b 99 9b 9b 9a 9a 9b 9a 9a 9b 9b 99 9b 9b 98 9b 9b 94 9b 9b 98 9b 9b 99 9b 9b 9a 
PC 544 (block_id, warp_id)=(0, (0,0,0), 2)
  EXC:  0  0  0  0  0  0  0  0  0  0  0  0  0  0  0  0  0  0  0  0  0  0  0  0  0  0  0  0  0  0  0  0 
  EXP: 9a 9b 9a 9a 9b 9b 99 9b 9b 99 9b 9b 95 9b 9b 98 9b 9b 99 9b 9b 9a 9a 9b 9a 9a 9b 9b 99 9b 9b 99 
i=8 ----------------------------------------------------------------------------------------------------
PC 592 (block_id, warp_id)=(0, (1,0,0), 0)
  EXC:  0  0  0  0  0  0  0  0  0  0  0  0  0  0  0  0  0  0  0  0  0  0  0  0  0  0  0  0  0  0  0  0 
  EXP: 9f 9e 9a 9f 9f 9c 9e 9f 9d 9e 9f 9d 9e 9f 9e 9e 9f 9e 9d 9f 9e 9c 9f 9e 9a 9f 9f 9c 9e 9e 9d 9e 
PC 592 (block_id, warp_id)=(0, (1,0,0), 1)
  EXC:  0  0  0  0  0  0  0  0  0  0  0  0  0  0  0  0  0  0  0  0  0  0  0  0  0  0  0  0  0  0  0  0 
  EXP: 9f 9d 9e 9f 00 00 00 00 00 00 00 00 00 00 00 00 00 00 00 00 00 00 00 00 00 00 00 00 00 00 00 00 
PC 592 (block_id, warp_id)=(0, (0,0,0), 1)
  EXC:  0  0  0  0  0  0  0  0  0  0  0  0  0  0  0  0  0  0  0  0  0  0  0  0  0  0  0  0  0  0  0  0 
  EXP: 00 9f 9f 9c 9e 9f 9d 9e 9f 9d 9e 9f 9e 9e 9f 9e 9d 9f 9e 9c 9f 9f 98 9f 9f 9c 9e 9f 9d 9e 9f 9d 
PC 592 (block_id, warp_id)=(0, (0,0,0), 2)
  EXC:  0  0  0  0  0  0  0  0  0  0  0  0  0  0  0  0  0  0  0  0  0  0  0  0  0  0  0  0  0  0  0  0 
  EXP: 9e 9f 9e 9e 9f 9e 9d 9f 9e 9c 9f 9e 99 9f 9f 9c 9e 9f 9d 9e 9f 9d 9e 9f 9e 9e 9f 9e 9d 9f 9e 9c 
i=9 ----------------------------------------------------------------------------------------------------
PC 640 (block_id, warp_id)=(0, (1,0,0), 0)
  EXC:  0  0  0  0  0  0  0  0  0  0  0  0  0  0  0  0  0  0  0  0  0  0  0  0  0  0  0  0  0  0  0  0 
  EXP: a2 a2 9d a2 a2 9f a2 a2 a0 a2 a2 a1 a2 a2 a1 a1 a2 a2 a1 a2 a2 a0 a2 a2 9e a2 a2 9f a2 a2 a0 a2 
PC 640 (block_id, warp_id)=(0, (1,0,0), 1)
  EXC:  0  0  0  0  0  0  0  0  0  0  0  0  0  0  0  0  0  0  0  0  0  0  0  0  0  0  0  0  0  0  0  0 
  EXP: a2 a1 a2 a2 00 00 00 00 00 00 00 00 00 00 00 00 00 00 00 00 00 00 00 00 00 00 00 00 00 00 00 00 
PC 640 (block_id, warp_id)=(0, (0,0,0), 1)
  EXC:  0  0  0  0  0  0  0  0  0  0  0  0  0  0  0  0  0  0  0  0  0  0  0  0  0  0  0  0  0  0  0  0 
  EXP: 00 a2 a2 a0 a2 a2 a1 a2 a2 a1 a1 a2 a1 a1 a2 a2 a1 a2 a2 a0 a2 a2 9c a2 a2 9f a2 a2 a0 a2 a2 a1 
PC 640 (block_id, warp_id)=(0, (0,0,0), 2)
  EXC:  0  0  0  0  0  0  0  0  0  0  0  0  0  0  0  0  0  0  0  0  0  0  0  0  0  0  0  0  0  0  0  0 
  EXP: a1 a2 a1 a1 a2 a2 a1 a2 a2 a0 a2 a2 9d a2 a2 9f a2 a2 a0 a2 a2 a1 a2 a2 a1 a1 a2 a2 a1 a2 a2 a0 
i=10 ----------------------------------------------------------------------------------------------------
PC 688 (block_id, warp_id)=(0, (1,0,0), 0)
  EXC:  0  0  0  0  0  0  0  0  0  0  0  0  0  0  0  0  0  0  0  0  0  0  0  0  0  0  0  0  0  0  0  0 
  EXP: a6 a6 a1 a6 a6 a3 a6 a6 a4 a5 a6 a5 a5 a6 a5 a5 a6 a5 a4 a6 a5 a3 a6 a6 a1 a6 a6 a3 a6 a6 a4 a5 
PC 688 (block_id, warp_id)=(0, (1,0,0), 1)
  EXC:  0  0  0  0  0  0  0  0  0  0  0  0  0  0  0  0  0  0  0  0  0  0  0  0  0  0  0  0  0  0  0  0 
  EXP: a6 a5 a5 a6 00 00 00 00 00 00 00 00 00 00 00 00 00 00 00 00 00 00 00 00 00 00 00 00 00 00 00 00 
PC 688 (block_id, warp_id)=(0, (0,0,0), 1)
  EXC:  0  0  0  0  0  0  0  0  0  0  0  0  0  0  0  0  0  0  0  0  0  0  0  0  0  0  0  0  0  0  0  0 
  EXP: 00 a6 a6 a3 a6 a6 a4 a5 a6 a5 a5 a6 a5 a5 a6 a5 a4 a6 a6 a3 a6 a6 9f a6 a6 a3 a6 a6 a4 a5 a6 a5 
PC 688 (block_id, warp_id)=(0, (0,0,0), 2)
  EXC:  0  0  0  0  0  0  0  0  0  0  0  0  0  0  0  0  0  0  0  0  0  0  0  0  0  0  0  0  0  0  0  0 
  EXP: a5 a6 a5 a5 a6 a5 a4 a6 a6 a3 a6 a6 a0 a6 a6 a3 a6 a6 a4 a5 a6 a5 a5 a6 a5 a5 a6 a5 a4 a6 a5 a3 
i=11 ----------------------------------------------------------------------------------------------------
PC 736 (block_id, warp_id)=(0, (1,0,0), 0)
  EXC:  0  0  0  0  0  0  0  0  0  0  0  0  0  0  0  0  0  0  0  0  0  0  0  0  0  0  0  0  0  0  0  0 
  EXP: a9 a9 a4 a9 a9 a6 a9 a9 a8 a9 a9 a8 a9 aa a9 a8 aa a9 a8 a9 a9 a7 a9 a9 a5 a9 a9 a6 a9 a9 a7 a9 
PC 736 (block_id, warp_id)=(0, (1,0,0), 1)
  EXC:  0  0  0  0  0  0  0  0  0  0  0  0  0  0  0  0  0  0  0  0  0  0  0  0  0  0  0  0  0  0  0  0 
  EXP: a9 a8 a9 aa 00 00 00 00 00 00 00 00 00 00 00 00 00 00 00 00 00 00 00 00 00 00 00 00 00 00 00 00 
PC 736 (block_id, warp_id)=(0, (0,0,0), 1)
  EXC:  0  0  0  0  0  0  0  0  0  0  0  0  0  0  0  0  0  0  0  0  0  0  0  0  0  0  0  0  0  0  0  0 
  EXP: 00 a9 a9 a7 a9 a9 a8 a9 aa a8 a9 aa a9 a8 aa a9 a8 a9 a9 a7 a9 a9 a3 a9 a9 a7 a9 a9 a8 a9 aa a8 
PC 736 (block_id, warp_id)=(0, (0,0,0), 2)
  EXC:  0  0  0  0  0  0  0  0  0  0  0  0  0  0  0  0  0  0  0  0  0  0  0  0  0  0  0  0  0  0  0  0 
  EXP: a9 aa a9 a8 aa a9 a8 a9 a9 a7 a9 a9 a4 a9 a9 a7 a9 a9 a8 a9 aa a8 a9 aa a9 a8 aa a9 a8 a9 a9 a7 
i=12 ----------------------------------------------------------------------------------------------------
PC 784 (block_id, warp_id)=(0, (1,0,0), 0)
  EXC:  0  0  0  0  0  0  0  0  0  0  0  0  0  0  0  0  0  0  0  0  0  0  0  0  0  0  0  0  0  0  0  0 
  EXP: ad ad a8 ad ad aa ad ad ab ad ad ac ac ad ac ac ad ac ab ad ad ab ad ad a8 ad ad aa ad ad ab ad 
PC 784 (block_id, warp_id)=(0, (1,0,0), 1)
  EXC:  0  0  0  0  0  0  0  0  0  0  0  0  0  0  0  0  0  0  0  0  0  0  0  0  0  0  0  0  0  0  0  0 
  EXP: ad ac ac ad 00 00 00 00 00 00 00 00 00 00 00 00 00 00 00 00 00 00 00 00 00 00 00 00 00 00 00 00 
PC 784 (block_id, warp_id)=(0, (0,0,0), 1)
  EXC:  0  0  0  0  0  0  0  0  0  0  0  0  0  0  0  0  0  0  0  0  0  0  0  0  0  0  0  0  0  0  0  0 
  EXP: 00 ad ad aa ad ad ab ac ad ac ac ad ac ac ad ac ab ad ad aa ad ad a6 ad ad aa ad ad ab ad ad ac 
PC 784 (block_id, warp_id)=(0, (0,0,0), 2)
  EXC:  0  0  0  0  0  0  0  0  0  0  0  0  0  0  0  0  0  0  0  0  0  0  0  0  0  0  0  0  0  0  0  0 
  EXP: ac ad ac ac ad ac ab ad ad aa ad ad a7 ad ad aa ad ad ab ad ad ac ac ad ac ac ad ac ab ad ad ab 
i=13 ----------------------------------------------------------------------------------------------------
PC 832 (block_id, warp_id)=(0, (1,0,0), 0)
  EXC:  0  0  0  0  0  0  0  0  0  0  0  0  0  0  0  0  0  0  0  0  0  0  0  0  0  0  0  0  0  0  0  0 
  EXP: b1 b0 ab b0 b1 ae b0 b1 af b0 b1 af b0 b1 b0 b0 b1 b0 af b1 b0 ae b1 b0 ac b0 b1 ad b0 b0 af b0 
PC 832 (block_id, warp_id)=(0, (1,0,0), 1)
  EXC:  0  0  0  0  0  0  0  0  0  0  0  0  0  0  0  0  0  0  0  0  0  0  0  0  0  0  0  0  0  0  0  0 
  EXP: b1 af b0 b1 00 00 00 00 00 00 00 00 00 00 00 00 00 00 00 00 00 00 00 00 00 00 00 00 00 00 00 00 
PC 832 (block_id, warp_id)=(0, (0,0,0), 1)
  EXC:  0  0  0  0  0  0  0  0  0  0  0  0  0  0  0  0  0  0  0  0  0  0  0  0  0  0  0  0  0  0  0  0 
  EXP: 00 b0 b1 ae b0 b1 af b0 b1 af b0 b1 b0 af b1 b0 af b1 b0 ae b1 b0 aa b0 b1 ae b0 b1 af b0 b1 af 
PC 832 (block_id, warp_id)=(0, (0,0,0), 2)
  EXC:  0  0  0  0  0  0  0  0  0  0  0  0  0  0  0  0  0  0  0  0  0  0  0  0  0  0  0  0  0  0  0  0 
  EXP: b0 b1 b0 af b1 b0 af b1 b0 ae b1 b0 ab b0 b1 ae b0 b1 af b0 b1 af b0 b1 b0 af b1 b0 af b1 b0 ae 
i=14 ----------------------------------------------------------------------------------------------------
PC 896 (block_id, warp_id)=(0, (1,0,0), 0)
  EXC:  0  0  0  0  0  0  0  0  0  0  0  0  0  0  0  0  0  0  0  0  0  0  0  0  0  0  0  0  0  0  0  0 
  EXP: b4 b4 af b4 b4 b1 b4 b4 b2 b4 b4 b3 b3 b4 b3 b3 b4 b4 b3 b4 b4 b2 b4 b4 af b4 b4 b1 b4 b4 b2 b4 
PC 896 (block_id, warp_id)=(0, (1,0,0), 1)
  EXC:  0  0  0  0  0  0  0  0  0  0  0  0  0  0  0  0  0  0  0  0  0  0  0  0  0  0  0  0  0  0  0  0 
  EXP: b4 b3 b3 b4 00 00 00 00 00 00 00 00 00 00 00 00 00 00 00 00 00 00 00 00 00 00 00 00 00 00 00 00 
PC 896 (block_id, warp_id)=(0, (0,0,0), 1)
  EXC:  0  0  0  0  0  0  0  0  0  0  0  0  0  0  0  0  0  0  0  0  0  0  0  0  0  0  0  0  0  0  0  0 
  EXP: 00 b4 b4 b1 b4 b4 b2 b4 b4 b3 b3 b4 b3 b3 b4 b4 b2 b4 b4 b2 b4 b4 ad b4 b4 b1 b4 b4 b2 b4 b4 b3 
PC 896 (block_id, warp_id)=(0, (0,0,0), 2)
  EXC:  0  0  0  0  0  0  0  0  0  0  0  0  0  0  0  0  0  0  0  0  0  0  0  0  0  0  0  0  0  0  0  0 
  EXP: b3 b4 b3 b3 b4 b4 b3 b4 b4 b2 b4 b4 ae b4 b4 b1 b4 b4 b2 b4 b4 b3 b3 b4 b3 b3 b4 b4 b3 b4 b4 b2 
i=15 ----------------------------------------------------------------------------------------------------
PC 944 (block_id, warp_id)=(0, (1,0,0), 0)
  EXC:  0  0  0  0  0  0  0  0  0  0  0  0  0  0  0  0  0  0  0  0  0  0  0  0  0  0  0  0  0  0  0  0 
  EXP: b4 b4 af b4 b4 b1 b4 b4 b2 b4 b4 b3 b3 b4 b3 b3 b4 b4 b3 b4 b4 b2 b4 b4 af b4 b4 b1 b4 f3 b2 b4 
PC 944 (block_id, warp_id)=(0, (1,0,0), 1)
  EXC:  0  0  0  0  0  0  0  0  0  0  0  0  0  0  0  0  0  0  0  0  0  0  0  0  0  0  0  0  0  0  0  0 
  EXP: b4 b3 b3 b4 00 00 00 00 00 00 00 00 00 00 00 00 00 00 00 00 00 00 00 00 00 00 00 00 00 00 00 00 
PC 944 (block_id, warp_id)=(0, (0,0,0), 1)
  EXC:  0  0  0  0  0  0  0  0  0  0  0  0  0  0  0  0  0  0  0  0  0  0  0  0  0  0  0  0  0  0  0  0 
  EXP: 00 b4 b4 b1 b4 b4 b2 b4 b4 b3 b3 b4 b3 b3 b4 b4 b2 b4 b4 b2 b4 b4 ad b4 b4 b1 b4 b4 b2 b4 b4 b3 
PC 944 (block_id, warp_id)=(0, (0,0,0), 2)
  EXC:  0  0  0  0  0  0  0  0  0  0  0  0  0  0  0  0  0  0  0  0  0  0  0  0  0  0  0  0  0  0  0  0 
  EXP: b3 b4 b3 b3 b4 b4 b3 b4 b4 b2 b4 b4 ae b4 b4 b1 b4 b4 b2 b4 b4 b3 b3 b4 b3 b3 b4 b4 b3 b4 b4 b2 
i=16 ----------------------------------------------------------------------------------------------------
PC 992 (block_id, warp_id)=(0, (1,0,0), 0)
  EXC:  0  0  0  0  0  0  0  0  0  0  0  0  0  0  0  0  0  0  0  0  0  0  0  0  0  0  0  0  0  0  0  0 
  EXP: b8 b8 b3 b8 b8 b5 b7 b8 b6 b7 b8 b6 b7 b8 b7 b7 b8 b7 b6 b8 b7 b5 b8 b8 b3 b8 b8 b5 b7 f7 b6 b7 
PC 992 (block_id, warp_id)=(0, (1,0,0), 1)
  EXC:  0  0  0  0  0  0  0  0  0  0  0  0  0  0  0  0  0  0  0  0  0  0  0  0  0  0  0  0  0  0  0  0 
  EXP: b8 b6 b7 b8 00 00 00 00 00 00 00 00 00 00 00 00 00 00 00 00 00 00 00 00 00 00 00 00 00 00 00 00 
PC 992 (block_id, warp_id)=(0, (0,0,0), 1)
  EXC:  0  0  0  0  0  0  0  0  0  0  0  0  0  0  0  0  0  0  0  0  0  0  0  0  0  0  0  0  0  0  0  0 
  EXP: 00 b8 b8 b5 b7 b8 b6 b7 b8 b7 b7 b8 b7 b7 b8 b7 b6 b8 b7 b5 b8 b8 b1 b8 b8 b5 b7 b8 b6 b7 b8 b7 
PC 992 (block_id, warp_id)=(0, (0,0,0), 2)
  EXC:  0  0  0  0  0  0  0  0  0  0  0  0  0  0  0  0  0  0  0  0  0  0  0  0  0  0  0  0  0  0  0  0 
  EXP: b7 b8 b7 b7 b8 b7 b6 b8 b7 b5 b8 b8 b2 b8 b8 b5 b7 b8 b6 b7 b8 b7 b7 b8 b7 b7 b8 b7 b6 b8 b7 b5 
i=17 ----------------------------------------------------------------------------------------------------
PC 1040 (block_id, warp_id)=(0, (1,0,0), 0)
  EXC:  0  0  0  0  0  0  0  0  0  0  0  0  0  0  0  0  0  0  0  0  0  0  0  0  0  0  0  0  0  0  0  0 
  EXP: bb bb b6 bb bb b8 bb bb b9 bb bb ba bb bb ba ba bb bb ba bb bb b9 bb bb b7 bb bb b8 bb fa b9 bb 
PC 1040 (block_id, warp_id)=(0, (1,0,0), 1)
  EXC:  0  0  0  0  0  0  0  0  0  0  0  0  0  0  0  0  0  0  0  0  0  0  0  0  0  0  0  0  0  0  0  0 
  EXP: bb ba bb bb 00 00 00 00 00 00 00 00 00 00 00 00 00 00 00 00 00 00 00 00 00 00 00 00 00 00 00 00 
PC 1040 (block_id, warp_id)=(0, (0,0,0), 1)
  EXC:  0  0  0  0  0  0  0  0  0  0  0  0  0  0  0  0  0  0  0  0  0  0  0  0  0  0  0  0  0  0  0  0 
  EXP: 00 bb bb b9 bb bb ba bb bb ba bb bb bb ba bb bb ba bb bb b9 bb bb b5 bb bb b9 bb bb ba bb bb ba 
PC 1040 (block_id, warp_id)=(0, (0,0,0), 2)
  EXC:  0  0  0  0  0  0  0  0  0  0  0  0  0  0  0  0  0  0  0  0  0  0  0  0  0  0  0  0  0  0  0  0 
  EXP: bb bb bb ba bb bb ba bb bb b9 bb bb b6 bb bb b8 bb bb ba bb bb ba bb bb bb ba bb bb ba bb bb b9 
i=18 ----------------------------------------------------------------------------------------------------
PC 1088 (block_id, warp_id)=(0, (1,0,0), 0)
  EXC:  0  0  0  0  0  0  0  0  0  0  0  0  0  0  0  0  0  0  0  0  0  0  0  0  0  0  0  0  0  0  0  0 
  EXP: bf bf ba bf bf bc bf bf bd be bf be be bf be be bf be bd bf bf bd bf bf ba bf bf bc bf fe bd be 
PC 1088 (block_id, warp_id)=(0, (1,0,0), 1)
  EXC:  0  0  0  0  0  0  0  0  0  0  0  0  0  0  0  0  0  0  0  0  0  0  0  0  0  0  0  0  0  0  0  0 
  EXP: bf be be bf 00 00 00 00 00 00 00 00 00 00 00 00 00 00 00 00 00 00 00 00 00 00 00 00 00 00 00 00 
PC 1088 (block_id, warp_id)=(0, (0,0,0), 1)
  EXC:  0  0  0  0  0  0  0  0  0  0  0  0  0  0  0  0  0  0  0  0  0  0  0  0  0  0  0  0  0  0  0  0 
  EXP: 00 bf bf bc bf bf bd be bf be be bf be be bf be bd bf bf bc bf bf b8 bf bf bc bf bf bd be bf be 
PC 1088 (block_id, warp_id)=(0, (0,0,0), 2)
  EXC:  0  0  0  0  0  0  0  0  0  0  0  0  0  0  0  0  0  0  0  0  0  0  0  0  0  0  0  0  0  0  0  0 
  EXP: be bf be be bf be bd bf bf bc bf bf b9 bf bf bc bf bf bd be bf be be bf be be bf be bd bf bf bc 
i=19 ----------------------------------------------------------------------------------------------------
PC 1136 (block_id, warp_id)=(0, (1,0,0), 0)
  EXC:  0  0  0  0  0  0  0  0  0  0  0  0  0  0  0  0  0  0  0  0  0  0  0  0  0  0  0  0  0  2  0  0 
  EXP: c2 c2 bd c2 c2 bf c2 c3 c1 c2 c3 c1 c2 c3 c2 c1 c3 c2 c1 c3 c2 c0 c2 c2 be c2 c2 bf c2 ff c1 c2 
PC 1136 (block_id, warp_id)=(0, (1,0,0), 1)
  EXC:  0  0  0  0  0  0  0  0  0  0  0  0  0  0  0  0  0  0  0  0  0  0  0  0  0  0  0  0  0  0  0  0 
  EXP: c3 c1 c2 c3 00 00 00 00 00 00 00 00 00 00 00 00 00 00 00 00 00 00 00 00 00 00 00 00 00 00 00 00 
PC 1136 (block_id, warp_id)=(0, (0,0,0), 1)
  EXC:  0  0  0  0  0  0  0  0  0  0  0  0  0  0  0  0  0  0  0  0  0  0  0  0  0  0  0  0  0  0  0  0 
  EXP: 00 c2 c2 c0 c2 c3 c1 c2 c3 c1 c2 c3 c2 c1 c3 c2 c1 c3 c2 c0 c2 c2 bc c2 c2 c0 c2 c3 c1 c2 c3 c1 
PC 1136 (block_id, warp_id)=(0, (0,0,0), 2)
  EXC:  0  0  0  0  0  0  0  0  0  0  0  0  0  0  0  0  0  0  0  0  0  0  0  0  0  0  0  0  0  0  0  0 
  EXP: c2 c3 c2 c1 c3 c2 c1 c3 c2 c0 c2 c2 bd c2 c2 c0 c2 c3 c1 c2 c3 c1 c2 c3 c2 c1 c3 c2 c1 c3 c2 c0 
####################################################################################################
Exception report:
PC: 1136, (block_id, warp_id)=(0, (1, 0, 0), 0)
 - lane_id: 29, execption: 2
