LD_PRELOAD=/home/lm/NumericProf/tool/fp32-iterative/fp32-iterative.so ./iterative_div.exe
------------- NVBit (NVidia Binary Instrumentation Tool v1.5.5) Loaded --------------
NVBit core environment variables (mostly for nvbit-devs):
            NVDISASM = nvdisasm - override default nvdisasm found in PATH
            NOBANNER = 0 - if set, does not print this banner
---------------------------------------------------------------------------------
         INSTR_BEGIN = 0 - Beginning of the instruction interval where to apply instrumentation
           INSTR_END = 4294967295 - End of the instruction interval where to apply instrumentation
        TOOL_VERBOSE = 0 - Enable verbosity inside the tool
----------------------------------------------------------------------------------------------------
CTX 0x0000560d44d964f0 - LAUNCH - Kernel pc 0x00007fecd6dbe400 - Kernel name iterative_mul(float*, float*, int) - grid launch id 1 - grid size 2,1,1 - block size 64,1,1 - nregs 19 - shmem 0 - cuda stream id 0
nan
26.561745
6.089574
14381928845148160.000000
-199.219269
-2.218697
-33207861248.000000
2927.024170
1.225412
20633834.000000
-105511.656250
-1.000186
-137105.062500
14288365.000000
1.196383
3556.252930
-18806740992.000000
-2.112727
-230.664856
4581669784780800.000000
5.643518
29.621849
-inf
-23.867851
-6.582716
-48655897789988864.000000
172.508408
2.333757
59765760000.000000
-2417.449951
-1.257054
-30059728.000000
81607.828125
1.001677
179082.031250
-9978092.000000
-1.169817
-4335.994141
10843994112.000000
2.015061
267.779785
-1559769181585408.000000
-5.239491
-33.104790
1939144404085234385267288447123456.000000
21.491859
7.128731
179243536611278848.000000
-149.761902
-2.458786
-109768630272.000000
2003.348267
1.291481
44192752.000000
-63429.281250
-1.004664
-235158.640625
7024881.000000
1.145572
5305.732422
-6359580160.000000
-1.924989
-311.701141
563417433767936.000000
4.873013
37.077045
-875821497150427014394896449536.000000
-19.392212
-7.734174
-728107869907451904.000000
130.342896
2.594754
206015315968.000000
-1665.694824
-1.328882
-65590692.000000
49535.761719
1.009160
310488.968750
-4984598.000000
-1.123525
-6516.233398
3789904640.000000
1.841882
363.816620
-214641930141696.000000
-4.540148
-41.616405
3709652924582913542149111808.000000
17.533297
8.406557
3312537713663541248.000000
-113.724144
-2.742751
-395696275456.000000
1389.458618
1.369465
98318216.000000
-38865.507812
-1.015190
Final sum = 0.000000; sum/n = 0.000000 (should be ~1)
i=0 ----------------------------------------------------------------------------------------------------
PC 256 (grid_id, block_id, warp_id)=(0, (1,0,0), 0)
  EXC:  0  0  0  0  0  0  0  0  0  0  0  0  0  0  0  0  0  0  0  0  0  0  0  0  0  0  0  0  0  0  0  0 
  EXP: 7f 7f 7f 7f 7f 7f 7f 7f 7f 7f 7f 7f 7f 7f 7f 7f 7f 7f 7f 7f 7f 7f 7f 7f 7f 7f 7f 7f 7f 7f 7f 7f 
PC 256 (grid_id, block_id, warp_id)=(0, (1,0,0), 1)
  EXC:  0  0  0  0  0  0  0  0  0  0  0  0  0  0  0  0  0  0  0  0  0  0  0  0  0  0  0  0  0  0  0  0 
  EXP: 7f 7f 7f 7f 00 00 00 00 00 00 00 00 00 00 00 00 00 00 00 00 00 00 00 00 00 00 00 00 00 00 00 00 
PC 256 (grid_id, block_id, warp_id)=(0, (0,0,0), 2)
  EXC:  0  0  0  0  0  0  0  0  0  0  0  0  0  0  0  0  0  0  0  0  0  0  0  0  0  0  0  0  0  0  0  0 
  EXP: 7f 7f 7f 7f 7f 7f 7f 7f 7f 7f 7f 7f 7f 7f 7f 7f 7f 7f 7f 7f 7f 7f 7f 7f 7f 7f 7f 7f 7f 7f 7f 7f 
PC 256 (grid_id, block_id, warp_id)=(0, (0,0,0), 1)
  EXC:  1  0  0  0  0  0  0  0  0  0  0  0  0  0  0  0  0  0  0  0  0  0  0  0  0  0  0  0  0  0  0  0 
  EXP: ff 7f 7f 7f 7f 7f 7f 7f 7f 7f 7f 7f 7f 7f 7f 7f 7f 7f 7f 7f 7f 7f 7f 7f 7f 7f 7f 7f 7f 7f 7f 7f 
i=1 ----------------------------------------------------------------------------------------------------
PC 368 (grid_id, block_id, warp_id)=(0, (1,0,0), 1)
  EXC:  0  0  0  0  0  0  0  0  0  0  0  0  0  0  0  0  0  0  0  0  0  0  0  0  0  0  0  0  0  0  0  0 
  EXP: 7f 80 7f 7f 00 00 00 00 00 00 00 00 00 00 00 00 00 00 00 00 00 00 00 00 00 00 00 00 00 00 00 00 
PC 368 (grid_id, block_id, warp_id)=(0, (1,0,0), 0)
  EXC:  0  0  0  0  0  0  0  0  0  0  0  0  0  0  0  0  0  0  0  0  0  0  0  0  0  0  0  0  0  0  0  0 
  EXP: 7f 7f 84 7f 7f 82 7f 7f 80 7f 7f 80 7f 7f 7f 80 7f 7f 80 7f 7f 81 7f 7f 83 7f 7f 82 7f 7f 81 7f 
PC 368 (grid_id, block_id, warp_id)=(0, (0,0,0), 2)
  EXC:  0  0  0  0  0  0  0  0  0  0  0  0  0  0  0  0  0  0  0  0  0  0  0  0  0  0  0  0  0  0  0  0 
  EXP: 7f 7f 7f 80 7f 7f 80 7f 7f 81 7f 7f 84 7f 7f 82 7f 7f 80 7f 7f 80 7f 7f 7f 80 7f 7f 80 7f 7f 81 
PC 368 (grid_id, block_id, warp_id)=(0, (0,0,0), 1)
  EXC:  1  0  0  0  0  0  0  0  0  0  0  0  0  0  0  0  0  0  0  0  0  0  0  0  0  0  0  0  0  0  0  0 
  EXP: ff 7f 7f 81 7f 7f 80 7f 7f 80 7f 7f 7f 80 7f 7f 80 7f 7f 81 7f 7f 85 7f 7f 81 7f 7f 80 7f 7f 80 
i=2 ----------------------------------------------------------------------------------------------------
PC 480 (grid_id, block_id, warp_id)=(0, (1,0,0), 0)
  EXC:  0  0  0  0  0  0  0  0  0  0  0  0  0  0  0  0  0  0  0  0  0  0  0  0  0  0  0  0  0  0  0  0 
  EXP: 7f 7f 89 7f 7f 85 7f 7f 82 80 7f 81 80 7f 80 81 7f 80 82 7f 7f 84 7f 7f 88 7f 7f 85 7f 7f 83 80 
PC 480 (grid_id, block_id, warp_id)=(0, (1,0,0), 1)
  EXC:  0  0  0  0  0  0  0  0  0  0  0  0  0  0  0  0  0  0  0  0  0  0  0  0  0  0  0  0  0  0  0  0 
  EXP: 7f 81 80 7f 00 00 00 00 00 00 00 00 00 00 00 00 00 00 00 00 00 00 00 00 00 00 00 00 00 00 00 00 
PC 480 (grid_id, block_id, warp_id)=(0, (0,0,0), 2)
  EXC:  0  0  0  0  0  0  0  0  0  0  0  0  0  0  0  0  0  0  0  0  0  0  0  0  0  0  0  0  0  0  0  0 
  EXP: 80 7f 80 81 7f 80 82 7f 7f 84 7f 7f 8a 7f 7f 85 7f 7f 82 80 7f 81 80 7f 80 81 7f 80 82 7f 7f 84 
PC 480 (grid_id, block_id, warp_id)=(0, (0,0,0), 1)
  EXC:  1  0  0  0  0  0  0  0  0  0  0  0  0  0  0  0  0  0  0  0  0  0  0  0  0  0  0  0  0  0  0  0 
  EXP: ff 7f 7f 84 7f 7f 82 80 7f 81 80 7f 80 81 7f 80 82 7f 7f 84 7f 7f 8c 7f 7f 84 7f 7f 82 80 7f 81 
i=3 ----------------------------------------------------------------------------------------------------
PC 592 (grid_id, block_id, warp_id)=(0, (1,0,0), 0)
  EXC:  0  0  0  0  0  0  0  0  0  0  0  0  0  0  0  0  0  0  0  0  0  0  0  0  0  0  0  0  0  0  0  0 
  EXP: 7f 7f 8e 7f 7f 88 80 7f 84 80 7f 83 81 7f 81 82 7f 81 84 7f 80 86 7f 7f 8d 7f 7f 88 80 7f 85 80 
PC 592 (grid_id, block_id, warp_id)=(0, (1,0,0), 1)
  EXC:  0  0  0  0  0  0  0  0  0  0  0  0  0  0  0  0  0  0  0  0  0  0  0  0  0  0  0  0  0  0  0  0 
  EXP: 7f 83 81 7f 00 00 00 00 00 00 00 00 00 00 00 00 00 00 00 00 00 00 00 00 00 00 00 00 00 00 00 00 
PC 592 (grid_id, block_id, warp_id)=(0, (0,0,0), 2)
  EXC:  0  0  0  0  0  0  0  0  0  0  0  0  0  0  0  0  0  0  0  0  0  0  0  0  0  0  0  0  0  0  0  0 
  EXP: 81 7f 81 82 7f 80 84 7f 80 86 7f 7f 90 7f 7f 88 80 7f 84 80 7f 83 81 7f 81 82 7f 80 84 7f 80 86 
PC 592 (grid_id, block_id, warp_id)=(0, (0,0,0), 1)
  EXC:  1  0  0  0  0  0  0  0  0  0  0  0  0  0  0  0  0  0  0  0  0  0  0  0  0  0  0  0  0  0  0  0 
  EXP: ff 7f 7f 87 80 7f 84 80 7f 82 81 7f 81 82 7f 80 84 7f 80 87 7f 7f 93 7f 7f 87 80 7f 84 80 7f 82 
i=4 ----------------------------------------------------------------------------------------------------
PC 704 (grid_id, block_id, warp_id)=(0, (1,0,0), 0)
  EXC:  0  0  0  0  0  0  0  0  0  0  0  0  0  0  0  0  0  0  0  0  0  0  0  0  0  0  0  0  0  0  0  0 
  EXP: 7f 80 93 7f 7f 8b 80 7f 86 81 7f 84 82 7f 82 83 7f 81 85 7f 80 89 7f 80 92 7f 7f 8b 80 7f 87 81 
PC 704 (grid_id, block_id, warp_id)=(0, (1,0,0), 1)
  EXC:  0  0  0  0  0  0  0  0  0  0  0  0  0  0  0  0  0  0  0  0  0  0  0  0  0  0  0  0  0  0  0  0 
  EXP: 7f 84 82 7f 00 00 00 00 00 00 00 00 00 00 00 00 00 00 00 00 00 00 00 00 00 00 00 00 00 00 00 00 
PC 704 (grid_id, block_id, warp_id)=(0, (0,0,0), 2)
  EXC:  0  0  0  0  0  0  0  0  0  0  0  0  0  0  0  0  0  0  0  0  0  0  0  0  0  0  0  0  0  0  0  0 
  EXP: 82 7f 82 83 7f 81 86 7f 80 89 7f 80 96 7f 7f 8b 80 7f 86 81 7f 84 82 7f 82 83 7f 81 85 7f 80 89 
PC 704 (grid_id, block_id, warp_id)=(0, (0,0,0), 1)
  EXC:  1  0  0  0  0  0  0  0  0  0  0  0  0  0  0  0  0  0  0  0  0  0  0  0  0  0  0  0  0  0  0  0 
  EXP: ff 7f 7f 8a 80 7f 86 81 7f 84 82 7f 82 84 7f 81 86 7f 80 89 7f 80 9a 7f 7f 8a 80 7f 86 81 7f 84 
i=5 ----------------------------------------------------------------------------------------------------
PC 816 (grid_id, block_id, warp_id)=(0, (1,0,0), 0)
  EXC:  0  0  0  0  0  0  0  0  0  0  0  0  0  0  0  0  0  0  0  0  0  0  0  0  0  0  0  0  0  0  0  0 
  EXP: 7f 80 99 80 7f 8e 80 7f 88 81 7f 85 83 7f 83 84 7f 82 87 7f 81 8b 7f 80 97 80 7f 8f 80 7f 89 81 
PC 816 (grid_id, block_id, warp_id)=(0, (1,0,0), 1)
  EXC:  0  0  0  0  0  0  0  0  0  0  0  0  0  0  0  0  0  0  0  0  0  0  0  0  0  0  0  0  0  0  0  0 
  EXP: 7f 85 83 7f 00 00 00 00 00 00 00 00 00 00 00 00 00 00 00 00 00 00 00 00 00 00 00 00 00 00 00 00 
PC 816 (grid_id, block_id, warp_id)=(0, (0,0,0), 2)
  EXC:  0  0  0  0  0  0  0  0  0  0  0  0  0  0  0  0  0  0  0  0  0  0  0  0  0  0  0  0  0  0  0  0 
  EXP: 83 7f 83 85 7f 82 87 7f 81 8c 7f 80 9c 80 7f 8e 80 7f 88 81 7f 85 83 7f 83 84 7f 82 87 7f 81 8b 
PC 816 (grid_id, block_id, warp_id)=(0, (0,0,0), 1)
  EXC:  1  0  0  0  0  0  0  0  0  0  0  0  0  0  0  0  0  0  0  0  0  0  0  0  0  0  0  0  0  0  0  0 
  EXP: ff 80 7f 8d 81 7f 88 82 7f 85 83 7f 83 85 7f 82 87 7f 81 8c 7f 80 a1 80 7f 8d 80 7f 88 81 7f 85 
i=6 ----------------------------------------------------------------------------------------------------
PC 928 (grid_id, block_id, warp_id)=(0, (1,0,0), 0)
  EXC:  0  0  0  0  0  0  0  0  0  0  0  0  0  0  0  0  0  0  0  0  0  0  0  0  0  0  0  0  0  0  0  0 
  EXP: 7f 80 9e 80 7f 91 81 7f 8a 82 7f 87 83 7f 84 86 7f 83 89 7f 81 8e 7f 80 9b 80 7f 92 81 7f 8b 82 
PC 928 (grid_id, block_id, warp_id)=(0, (1,0,0), 1)
  EXC:  0  0  0  0  0  0  0  0  0  0  0  0  0  0  0  0  0  0  0  0  0  0  0  0  0  0  0  0  0  0  0  0 
  EXP: 7f 87 83 7f 00 00 00 00 00 00 00 00 00 00 00 00 00 00 00 00 00 00 00 00 00 00 00 00 00 00 00 00 
PC 928 (grid_id, block_id, warp_id)=(0, (0,0,0), 2)
  EXC:  0  0  0  0  0  0  0  0  0  0  0  0  0  0  0  0  0  0  0  0  0  0  0  0  0  0  0  0  0  0  0  0 
  EXP: 84 7f 84 86 7f 82 89 7f 81 8e 7f 80 a1 80 7f 91 81 7f 8a 82 7f 87 84 7f 84 86 7f 82 89 7f 81 8e 
PC 928 (grid_id, block_id, warp_id)=(0, (0,0,0), 1)
  EXC:  1  0  0  0  0  0  0  0  0  0  0  0  0  0  0  0  0  0  0  0  0  0  0  0  0  0  0  0  0  0  0  0 
  EXP: ff 80 7f 8f 81 7f 8a 82 7f 86 84 7f 84 86 7f 82 89 7f 81 8f 7f 80 a7 80 7f 90 81 7f 8a 82 7f 86 
i=7 ----------------------------------------------------------------------------------------------------
PC 1040 (grid_id, block_id, warp_id)=(0, (1,0,0), 0)
  EXC:  0  0  0  0  0  0  0  0  0  0  0  0  0  0  0  0  0  0  0  0  0  0  0  0  0  0  0  0  0  0  0  0 
  EXP: 7f 80 a3 80 80 94 81 7f 8c 82 7f 88 84 7f 85 87 7f 83 8a 7f 82 90 7f 80 a0 80 80 95 81 7f 8d 82 
PC 1040 (grid_id, block_id, warp_id)=(0, (1,0,0), 1)
  EXC:  0  0  0  0  0  0  0  0  0  0  0  0  0  0  0  0  0  0  0  0  0  0  0  0  0  0  0  0  0  0  0  0 
  EXP: 7f 88 84 7f 00 00 00 00 00 00 00 00 00 00 00 00 00 00 00 00 00 00 00 00 00 00 00 00 00 00 00 00 
PC 1040 (grid_id, block_id, warp_id)=(0, (0,0,0), 2)
  EXC:  0  0  0  0  0  0  0  0  0  0  0  0  0  0  0  0  0  0  0  0  0  0  0  0  0  0  0  0  0  0  0  0 
  EXP: 85 7f 85 87 7f 83 8b 7f 81 91 7f 80 a7 80 80 94 81 7f 8c 83 7f 88 84 7f 85 87 7f 83 8a 7f 82 91 
PC 1040 (grid_id, block_id, warp_id)=(0, (0,0,0), 1)
  EXC:  1  0  0  0  0  0  0  0  0  0  0  0  0  0  0  0  0  0  0  0  0  0  0  0  0  0  0  0  0  0  0  0 
  EXP: ff 80 7f 92 81 7f 8b 83 7f 87 85 7f 85 87 7f 83 8b 7f 81 92 7f 80 ae 80 80 93 81 7f 8c 83 7f 88 
i=8 ----------------------------------------------------------------------------------------------------
PC 1152 (grid_id, block_id, warp_id)=(0, (1,0,0), 0)
  EXC:  0  0  0  0  0  0  0  0  0  0  0  0  0  0  0  0  0  0  0  0  0  0  0  0  0  0  0  0  0  0  0  0 
  EXP: 7f 81 a8 80 80 97 81 7f 8e 83 7f 89 85 7f 86 88 7f 84 8c 7f 82 93 7f 81 a5 80 80 98 81 7f 8f 83 
PC 1152 (grid_id, block_id, warp_id)=(0, (1,0,0), 1)
  EXC:  0  0  0  0  0  0  0  0  0  0  0  0  0  0  0  0  0  0  0  0  0  0  0  0  0  0  0  0  0  0  0  0 
  EXP: 7f 8a 85 7f 00 00 00 00 00 00 00 00 00 00 00 00 00 00 00 00 00 00 00 00 00 00 00 00 00 00 00 00 
PC 1152 (grid_id, block_id, warp_id)=(0, (0,0,0), 2)
  EXC:  0  0  0  0  0  0  0  0  0  0  0  0  0  0  0  0  0  0  0  0  0  0  0  0  0  0  0  0  0  0  0  0 
  EXP: 85 7f 86 88 7f 84 8d 7f 82 94 80 81 ad 80 80 97 82 7f 8e 83 7f 89 85 7f 86 88 7f 84 8c 7f 82 93 
PC 1152 (grid_id, block_id, warp_id)=(0, (0,0,0), 1)
  EXC:  1  0  0  0  0  0  0  0  0  0  0  0  0  0  0  0  0  0  0  0  0  0  0  0  0  0  0  0  0  0  0  0 
  EXP: ff 80 80 95 82 7f 8d 83 7f 89 86 7f 86 89 7f 83 8d 7f 82 94 80 81 b5 80 80 96 82 7f 8e 83 7f 89 
i=9 ----------------------------------------------------------------------------------------------------
PC 1264 (grid_id, block_id, warp_id)=(0, (1,0,0), 0)
  EXC:  0  0  0  0  0  0  0  0  0  0  0  0  0  0  0  0  0  0  0  0  0  0  0  0  0  0  0  0  0  0  0  0 
  EXP: 80 81 ae 81 80 9b 82 7f 90 84 7f 8b 86 7f 87 89 7f 85 8e 7f 83 95 80 81 aa 80 80 9c 82 7f 91 83 
PC 1264 (grid_id, block_id, warp_id)=(0, (1,0,0), 1)
  EXC:  0  0  0  0  0  0  0  0  0  0  0  0  0  0  0  0  0  0  0  0  0  0  0  0  0  0  0  0  0  0  0  0 
  EXP: 7f 8b 86 7f 00 00 00 00 00 00 00 00 00 00 00 00 00 00 00 00 00 00 00 00 00 00 00 00 00 00 00 00 
PC 1264 (grid_id, block_id, warp_id)=(0, (0,0,0), 2)
  EXC:  0  0  0  0  0  0  0  0  0  0  0  0  0  0  0  0  0  0  0  0  0  0  0  0  0  0  0  0  0  0  0  0 
  EXP: 86 7f 87 8a 7f 84 8e 7f 82 96 80 81 b3 81 80 9a 82 7f 90 84 7f 8b 86 7f 87 89 7f 84 8e 7f 82 96 
PC 1264 (grid_id, block_id, warp_id)=(0, (0,0,0), 1)
  EXC:  1  0  0  0  0  0  0  0  0  0  0  0  0  0  0  0  0  0  0  0  0  0  0  0  0  0  0  0  0  0  0  0 
  EXP: ff 81 80 98 82 7f 8f 84 7f 8a 86 7f 87 8a 7f 84 8f 7f 82 97 80 81 bc 81 80 99 82 7f 8f 84 7f 8a 
i=10 ----------------------------------------------------------------------------------------------------
PC 1376 (grid_id, block_id, warp_id)=(0, (1,0,0), 0)
  EXC:  0  0  0  0  0  0  0  0  0  0  0  0  0  0  0  0  0  0  0  0  0  0  0  0  0  0  0  0  0  0  0  0 
  EXP: 80 81 b3 81 80 9e 82 7f 92 84 7f 8c 87 7f 88 8a 7f 85 8f 7f 83 98 80 81 af 81 80 9f 82 7f 93 84 
PC 1376 (grid_id, block_id, warp_id)=(0, (1,0,0), 1)
  EXC:  0  0  0  0  0  0  0  0  0  0  0  0  0  0  0  0  0  0  0  0  0  0  0  0  0  0  0  0  0  0  0  0 
  EXP: 7f 8c 87 7f 00 00 00 00 00 00 00 00 00 00 00 00 00 00 00 00 00 00 00 00 00 00 00 00 00 00 00 00 
PC 1376 (grid_id, block_id, warp_id)=(0, (0,0,0), 2)
  EXC:  0  0  0  0  0  0  0  0  0  0  0  0  0  0  0  0  0  0  0  0  0  0  0  0  0  0  0  0  0  0  0  0 
  EXP: 87 7f 88 8b 7f 85 90 7f 83 99 80 81 b9 81 80 9d 82 7f 92 84 7f 8c 87 7f 88 8a 7f 85 90 7f 83 98 
PC 1376 (grid_id, block_id, warp_id)=(0, (0,0,0), 1)
  EXC:  1  0  0  0  0  0  0  0  0  0  0  0  0  0  0  0  0  0  0  0  0  0  0  0  0  0  0  0  0  0  0  0 
  EXP: ff 81 80 9b 83 7f 91 85 7f 8b 87 7f 87 8b 7f 85 90 7f 83 9a 80 81 c3 81 80 9c 82 7f 91 84 7f 8c 
i=11 ----------------------------------------------------------------------------------------------------
PC 1488 (grid_id, block_id, warp_id)=(0, (1,0,0), 0)
  EXC:  0  0  0  0  0  0  0  0  0  0  0  0  0  0  0  0  0  0  0  0  0  0  0  0  0  0  0  0  0  0  0  0 
  EXP: 80 82 b8 81 80 a1 83 7f 94 85 7f 8e 88 7f 89 8b 7f 86 91 7f 83 9a 80 82 b4 81 80 a2 82 7f 95 85 
PC 1488 (grid_id, block_id, warp_id)=(0, (1,0,0), 1)
  EXC:  0  0  0  0  0  0  0  0  0  0  0  0  0  0  0  0  0  0  0  0  0  0  0  0  0  0  0  0  0  0  0  0 
  EXP: 7f 8e 87 7f 00 00 00 00 00 00 00 00 00 00 00 00 00 00 00 00 00 00 00 00 00 00 00 00 00 00 00 00 
PC 1488 (grid_id, block_id, warp_id)=(0, (0,0,0), 2)
  EXC:  0  0  0  0  0  0  0  0  0  0  0  0  0  0  0  0  0  0  0  0  0  0  0  0  0  0  0  0  0  0  0  0 
  EXP: 88 7f 89 8c 7f 85 92 7f 83 9c 80 81 bf 81 80 a0 83 7f 94 85 7f 8d 88 7f 89 8c 7f 86 91 7f 83 9b 
PC 1488 (grid_id, block_id, warp_id)=(0, (0,0,0), 1)
  EXC:  1  0  0  0  0  0  0  0  0  0  0  0  0  0  0  0  0  0  0  0  0  0  0  0  0  0  0  0  0  0  0  0 
  EXP: ff 81 80 9e 83 7f 93 85 7f 8d 88 7f 88 8c 7f 85 92 7f 83 9d 80 81 ca 81 80 9f 83 7f 93 85 7f 8d 
i=12 ----------------------------------------------------------------------------------------------------
PC 1600 (grid_id, block_id, warp_id)=(0, (1,0,0), 0)
  EXC:  0  0  0  0  0  0  0  0  0  0  0  0  0  0  0  0  0  0  0  0  0  0  0  0  0  0  0  0  0  0  0  0 
  EXP: 80 82 bd 81 80 a4 83 7f 96 85 7f 8f 88 7f 8a 8d 7f 87 93 7f 84 9d 80 82 b8 81 80 a5 83 7f 97 85 
PC 1600 (grid_id, block_id, warp_id)=(0, (1,0,0), 1)
  EXC:  0  0  0  0  0  0  0  0  0  0  0  0  0  0  0  0  0  0  0  0  0  0  0  0  0  0  0  0  0  0  0  0 
  EXP: 7f 8f 88 7f 00 00 00 00 00 00 00 00 00 00 00 00 00 00 00 00 00 00 00 00 00 00 00 00 00 00 00 00 
PC 1600 (grid_id, block_id, warp_id)=(0, (0,0,0), 2)
  EXC:  0  0  0  0  0  0  0  0  0  0  0  0  0  0  0  0  0  0  0  0  0  0  0  0  0  0  0  0  0  0  0  0 
  EXP: 89 7f 8a 8d 7f 86 94 7f 84 9e 80 82 c4 81 80 a3 83 7f 96 85 7f 8f 89 7f 8a 8d 7f 86 93 7f 84 9d 
PC 1600 (grid_id, block_id, warp_id)=(0, (0,0,0), 1)
  EXC:  1  0  0  0  0  0  0  0  0  0  0  0  0  0  0  0  0  0  0  0  0  0  0  0  0  0  0  0  0  0  0  0 
  EXP: ff 81 80 a0 83 7f 95 86 7f 8e 89 7f 89 8e 7f 86 94 7f 83 9f 80 82 d0 81 80 a2 83 7f 95 86 7f 8e 
i=13 ----------------------------------------------------------------------------------------------------
PC 1712 (grid_id, block_id, warp_id)=(0, (1,0,0), 0)
  EXC:  0  0  0  0  0  0  0  0  0  0  0  0  0  0  0  0  0  0  0  0  0  0  0  0  0  0  0  0  0  0  0  0 
  EXP: 80 82 c3 81 81 a7 83 7f 98 86 7f 90 89 7f 8b 8e 7f 87 94 7f 84 9f 80 82 bd 81 81 a9 83 7f 99 86 
PC 1712 (grid_id, block_id, warp_id)=(0, (1,0,0), 1)
  EXC:  0  0  0  0  0  0  0  0  0  0  0  0  0  0  0  0  0  0  0  0  0  0  0  0  0  0  0  0  0  0  0  0 
  EXP: 7f 91 89 7f 00 00 00 00 00 00 00 00 00 00 00 00 00 00 00 00 00 00 00 00 00 00 00 00 00 00 00 00 
PC 1712 (grid_id, block_id, warp_id)=(0, (0,0,0), 2)
  EXC:  0  0  0  0  0  0  0  0  0  0  0  0  0  0  0  0  0  0  0  0  0  0  0  0  0  0  0  0  0  0  0  0 
  EXP: 8a 7f 8a 8e 7f 87 95 7f 84 a1 80 82 ca 82 80 a6 83 7f 98 86 7f 90 89 7f 8b 8e 7f 87 95 7f 84 a0 
PC 1712 (grid_id, block_id, warp_id)=(0, (0,0,0), 1)
  EXC:  1  0  0  0  0  0  0  0  0  0  0  0  0  0  0  0  0  0  0  0  0  0  0  0  0  0  0  0  0  0  0  0 
  EXP: ff 82 80 a3 84 7f 96 86 7f 8f 8a 7f 8a 8f 7f 87 96 7f 84 a2 80 82 d7 82 80 a4 84 7f 97 86 7f 8f 
i=14 ----------------------------------------------------------------------------------------------------
PC 1824 (grid_id, block_id, warp_id)=(0, (1,0,0), 0)
  EXC:  0  0  0  0  0  0  0  0  0  0  0  0  0  0  0  0  0  0  0  0  0  0  0  0  0  0  0  0  0  0  0  0 
  EXP: 80 82 c8 82 81 aa 84 80 9a 86 7f 92 8a 7f 8c 8f 7f 88 96 7f 85 a2 80 82 c2 82 81 ac 84 80 9b 86 
PC 1824 (grid_id, block_id, warp_id)=(0, (1,0,0), 1)
  EXC:  0  0  0  0  0  0  0  0  0  0  0  0  0  0  0  0  0  0  0  0  0  0  0  0  0  0  0  0  0  0  0  0 
  EXP: 7f 92 8a 7f 00 00 00 00 00 00 00 00 00 00 00 00 00 00 00 00 00 00 00 00 00 00 00 00 00 00 00 00 
PC 1824 (grid_id, block_id, warp_id)=(0, (0,0,0), 2)
  EXC:  0  0  0  0  0  0  0  0  0  0  0  0  0  0  0  0  0  0  0  0  0  0  0  0  0  0  0  0  0  0  0  0 
  EXP: 8b 7f 8b 90 7f 87 97 7f 84 a4 80 82 d0 82 81 a9 84 7f 9a 87 7f 91 8a 7f 8c 8f 7f 88 96 7f 85 a3 
PC 1824 (grid_id, block_id, warp_id)=(0, (0,0,0), 1)
  EXC:  1  0  0  0  0  0  0  0  0  0  0  0  0  0  0  0  0  0  0  0  0  0  0  0  0  0  0  0  0  0  0  0 
  EXP: ff 82 80 a6 84 7f 98 87 7f 90 8b 7f 8b 90 7f 87 98 7f 84 a5 80 82 de 82 81 a7 84 7f 99 87 7f 91 
i=15 ----------------------------------------------------------------------------------------------------
PC 1936 (grid_id, block_id, warp_id)=(0, (1,0,0), 0)
  EXC:  0  0  0  0  0  0  0  0  0  0  0  0  0  0  0  0  0  0  0  0  0  0  0  0  0  0  0  0  0  0  0  0 
  EXP: 80 83 cd 82 81 ad 84 80 9c 87 7f 93 8b 7f 8d 90 7f 89 98 7f 85 a4 80 83 c7 82 81 af 84 80 9d 87 
PC 1936 (grid_id, block_id, warp_id)=(0, (1,0,0), 1)
  EXC:  0  0  0  0  0  0  0  0  0  0  0  0  0  0  0  0  0  0  0  0  0  0  0  0  0  0  0  0  0  0  0  0 
  EXP: 7f 93 8b 7f 00 00 00 00 00 00 00 00 00 00 00 00 00 00 00 00 00 00 00 00 00 00 00 00 00 00 00 00 
PC 1936 (grid_id, block_id, warp_id)=(0, (0,0,0), 2)
  EXC:  0  0  0  0  0  0  0  0  0  0  0  0  0  0  0  0  0  0  0  0  0  0  0  0  0  0  0  0  0  0  0  0 
  EXP: 8b 7f 8c 91 7f 88 99 7f 85 a6 80 82 d6 82 81 ac 84 80 9b 87 7f 93 8b 7f 8d 90 7f 88 98 7f 85 a5 
PC 1936 (grid_id, block_id, warp_id)=(0, (0,0,0), 1)
  EXC:  1  0  0  0  0  0  0  0  0  0  0  0  0  0  0  0  0  0  0  0  0  0  0  0  0  0  0  0  0  0  0  0 
  EXP: ff 82 81 a9 85 7f 9a 88 7f 92 8c 7f 8c 91 7f 88 99 7f 85 a8 80 82 e5 82 81 aa 84 7f 9b 87 7f 92 
i=16 ----------------------------------------------------------------------------------------------------
PC 2048 (grid_id, block_id, warp_id)=(0, (1,0,0), 0)
  EXC:  0  0  0  0  0  0  0  0  0  0  0  0  0  0  0  0  0  0  0  0  0  0  0  0  0  0  0  0  0  0  0  0 
  EXP: 80 83 d2 82 81 b0 84 80 9e 88 7f 94 8c 7f 8e 91 7f 89 99 7f 86 a7 80 83 cc 82 81 b2 84 80 9f 87 
PC 2048 (grid_id, block_id, warp_id)=(0, (1,0,0), 1)
  EXC:  0  0  0  0  0  0  0  0  0  0  0  0  0  0  0  0  0  0  0  0  0  0  0  0  0  0  0  0  0  0  0  0 
  EXP: 7f 95 8b 7f 00 00 00 00 00 00 00 00 00 00 00 00 00 00 00 00 00 00 00 00 00 00 00 00 00 00 00 00 
PC 2048 (grid_id, block_id, warp_id)=(0, (0,0,0), 2)
  EXC:  0  0  0  0  0  0  0  0  0  0  0  0  0  0  0  0  0  0  0  0  0  0  0  0  0  0  0  0  0  0  0  0 
  EXP: 8c 7f 8d 92 7f 89 9b 7f 85 a9 81 83 dc 82 81 af 85 80 9d 88 7f 94 8c 7f 8e 92 7f 89 9a 7f 85 a8 
PC 2048 (grid_id, block_id, warp_id)=(0, (0,0,0), 1)
  EXC:  1  0  0  0  0  0  0  0  0  0  0  0  0  0  0  0  0  0  0  0  0  0  0  0  0  0  0  0  0  0  0  0 
  EXP: ff 82 81 ac 85 7f 9c 88 7f 93 8d 7f 8d 93 7f 88 9b 7f 85 aa 81 83 ec 82 81 ad 85 80 9d 88 7f 93 
i=17 ----------------------------------------------------------------------------------------------------
PC 2160 (grid_id, block_id, warp_id)=(0, (1,0,0), 0)
  EXC:  0  0  0  0  0  0  0  0  0  0  0  0  0  0  0  0  0  0  0  0  0  0  0  0  0  0  0  0  0  0  0  0 
  EXP: 81 83 d7 82 81 b4 85 80 a0 88 7f 96 8c 7f 8f 92 7f 8a 9b 7f 86 a9 80 83 d0 82 81 b6 85 80 a1 88 
PC 2160 (grid_id, block_id, warp_id)=(0, (1,0,0), 1)
  EXC:  0  0  0  0  0  0  0  0  0  0  0  0  0  0  0  0  0  0  0  0  0  0  0  0  0  0  0  0  0  0  0  0 
  EXP: 7f 96 8c 7f 00 00 00 00 00 00 00 00 00 00 00 00 00 00 00 00 00 00 00 00 00 00 00 00 00 00 00 00 
PC 2160 (grid_id, block_id, warp_id)=(0, (0,0,0), 2)
  EXC:  0  0  0  0  0  0  0  0  0  0  0  0  0  0  0  0  0  0  0  0  0  0  0  0  0  0  0  0  0  0  0  0 
  EXP: 8d 7f 8e 93 7f 89 9c 7f 86 ac 81 83 e1 82 81 b2 85 80 9f 88 7f 95 8d 7f 8e 93 7f 8a 9c 7f 86 aa 
PC 2160 (grid_id, block_id, warp_id)=(0, (0,0,0), 1)
  EXC:  1  0  0  0  0  0  0  0  0  0  0  0  0  0  0  0  0  0  0  0  0  0  0  0  0  0  0  0  0  0  0  0 
  EXP: ff 83 81 af 85 80 9e 89 7f 94 8d 7f 8e 94 7f 89 9d 7f 86 ad 81 83 f2 83 81 b0 85 80 9f 89 7f 95 
i=18 ----------------------------------------------------------------------------------------------------
PC 2272 (grid_id, block_id, warp_id)=(0, (1,0,0), 0)
  EXC:  0  0  0  0  0  0  0  0  0  0  0  0  0  0  0  0  0  0  0  0  0  0  0  0  0  0  0  0  0  0  0  0 
  EXP: 81 83 dd 83 81 b7 85 80 a2 89 7f 97 8d 7f 90 94 7f 8b 9d 7f 87 ac 81 84 d5 82 81 b9 85 80 a3 88 
PC 2272 (grid_id, block_id, warp_id)=(0, (1,0,0), 1)
  EXC:  0  0  0  0  0  0  0  0  0  0  0  0  0  0  0  0  0  0  0  0  0  0  0  0  0  0  0  0  0  0  0  0 
  EXP: 7f 98 8d 7f 00 00 00 00 00 00 00 00 00 00 00 00 00 00 00 00 00 00 00 00 00 00 00 00 00 00 00 00 
PC 2272 (grid_id, block_id, warp_id)=(0, (0,0,0), 2)
  EXC:  0  0  0  0  0  0  0  0  0  0  0  0  0  0  0  0  0  0  0  0  0  0  0  0  0  0  0  0  0  0  0  0 
  EXP: 8e 7f 8f 95 7f 8a 9e 7f 86 ae 81 83 e7 83 81 b5 85 80 a1 89 7f 97 8e 7f 8f 94 7f 8a 9d 7f 86 ad 
PC 2272 (grid_id, block_id, warp_id)=(0, (0,0,0), 1)
  EXC:  1  0  0  0  0  0  0  0  0  0  0  0  0  0  0  0  0  0  0  0  0  0  0  0  0  0  0  0  0  0  0  0 
  EXP: ff 83 81 b1 86 80 a0 89 7f 96 8e 7f 8f 95 7f 8a 9f 80 86 b0 81 83 f9 83 81 b3 86 80 a0 89 7f 96 
i=19 ----------------------------------------------------------------------------------------------------
PC 2384 (grid_id, block_id, warp_id)=(0, (1,0,0), 0)
  EXC:  0  0  0  0  0  0  0  0  0  0  0  0  0  0  0  0  0  0  0  0  0  0  0  0  0  0  0  0  0  0  0  0 
  EXP: 81 84 e2 83 81 ba 86 80 a4 89 7f 98 8e 7f 91 95 7f 8b 9e 7f 87 ae 81 84 da 83 82 bc 85 80 a5 89 
PC 2384 (grid_id, block_id, warp_id)=(0, (1,0,0), 1)
  EXC:  0  0  0  0  0  0  0  0  0  0  0  0  0  0  0  0  0  0  0  0  0  0  0  0  0  0  0  0  0  0  0  0 
  EXP: 7f 99 8e 7f 00 00 00 00 00 00 00 00 00 00 00 00 00 00 00 00 00 00 00 00 00 00 00 00 00 00 00 00 
PC 2384 (grid_id, block_id, warp_id)=(0, (0,0,0), 2)
  EXC:  0  0  0  0  0  0  0  0  0  0  0  0  0  0  0  0  0  0  0  0  0  0  0  0  0  0  0  0  0  0  0  0 
  EXP: 8f 7f 90 96 7f 8b a0 80 87 b1 81 84 ed 83 81 b8 86 80 a3 89 7f 98 8e 7f 90 95 7f 8b 9f 7f 87 b0 
PC 2384 (grid_id, block_id, warp_id)=(0, (0,0,0), 1)
  EXC:  1  0  0  0  0  0  0  0  0  0  0  0  0  0  0  0  0  0  0  0  0  0  2  0  0  0  0  0  0  0  0  0 
  EXP: ff 83 81 b4 86 80 a1 8a 7f 97 8f 7f 90 96 7f 8a a1 80 86 b3 81 83 ff 83 81 b6 86 80 a2 8a 7f 97 
####################################################################################################
Exception report:
PC: 256, (grid_id, block_id, warp_id)=(0, (0, 0, 0), 1)
 - lane_id: 0, execption: 1
PC: 368, (grid_id, block_id, warp_id)=(0, (0, 0, 0), 1)
 - lane_id: 0, execption: 1
PC: 480, (grid_id, block_id, warp_id)=(0, (0, 0, 0), 1)
 - lane_id: 0, execption: 1
PC: 592, (grid_id, block_id, warp_id)=(0, (0, 0, 0), 1)
 - lane_id: 0, execption: 1
PC: 704, (grid_id, block_id, warp_id)=(0, (0, 0, 0), 1)
 - lane_id: 0, execption: 1
PC: 816, (grid_id, block_id, warp_id)=(0, (0, 0, 0), 1)
 - lane_id: 0, execption: 1
PC: 928, (grid_id, block_id, warp_id)=(0, (0, 0, 0), 1)
 - lane_id: 0, execption: 1
PC: 1040, (grid_id, block_id, warp_id)=(0, (0, 0, 0), 1)
 - lane_id: 0, execption: 1
PC: 1152, (grid_id, block_id, warp_id)=(0, (0, 0, 0), 1)
 - lane_id: 0, execption: 1
PC: 1264, (grid_id, block_id, warp_id)=(0, (0, 0, 0), 1)
 - lane_id: 0, execption: 1
PC: 1376, (grid_id, block_id, warp_id)=(0, (0, 0, 0), 1)
 - lane_id: 0, execption: 1
PC: 1488, (grid_id, block_id, warp_id)=(0, (0, 0, 0), 1)
 - lane_id: 0, execption: 1
PC: 1600, (grid_id, block_id, warp_id)=(0, (0, 0, 0), 1)
 - lane_id: 0, execption: 1
PC: 1712, (grid_id, block_id, warp_id)=(0, (0, 0, 0), 1)
 - lane_id: 0, execption: 1
PC: 1824, (grid_id, block_id, warp_id)=(0, (0, 0, 0), 1)
 - lane_id: 0, execption: 1
PC: 1936, (grid_id, block_id, warp_id)=(0, (0, 0, 0), 1)
 - lane_id: 0, execption: 1
PC: 2048, (grid_id, block_id, warp_id)=(0, (0, 0, 0), 1)
 - lane_id: 0, execption: 1
PC: 2160, (grid_id, block_id, warp_id)=(0, (0, 0, 0), 1)
 - lane_id: 0, execption: 1
PC: 2272, (grid_id, block_id, warp_id)=(0, (0, 0, 0), 1)
 - lane_id: 0, execption: 1
PC: 2384, (grid_id, block_id, warp_id)=(0, (0, 0, 0), 1)
 - lane_id: 0, execption: 1
 - lane_id: 22, execption: 2
