LD_PRELOAD=/home/lm/NumericProf/tool/fp32-iterative/fp32-iterative.so ./iterative_mul.exe
------------- NVBit (NVidia Binary Instrumentation Tool v1.5.5) Loaded --------------
NVBit core environment variables (mostly for nvbit-devs):
            NVDISASM = nvdisasm - override default nvdisasm found in PATH
            NOBANNER = 0 - if set, does not print this banner
---------------------------------------------------------------------------------
         INSTR_BEGIN = 0 - Beginning of the instruction interval where to apply instrumentation
           INSTR_END = 4294967295 - End of the instruction interval where to apply instrumentation
        TOOL_VERBOSE = 0 - Enable verbosity inside the tool
----------------------------------------------------------------------------------------------------
CTX 0x000055b4f8a734f0 - LAUNCH - Kernel pc 0x00007fcb16dbe400 - Kernel name iterative_mul(float*, float*, int) - grid launch id 1 - grid size 2,1,1 - block size 64,1,1 - nregs 16 - shmem 0 - cuda stream id 0
0.000000
32.260002
34.860313
5.410206
-29.014009
-36.762886
-10.712127
25.187307
37.929657
15.799646
-20.856480
-38.337257
-20.570934
16.108212
37.977547
24.930498
-11.037533
-36.857697
-28.791071
5.745937
35.000160
32.075397
-0.339338
-32.442085
-34.717735
-5.074053
29.234682
36.665188
10.385884
-25.442154
-37.878788
-15.489848
21.140392
38.334248
20.283779
-16.415506
-38.022453
-24.671728
11.362069
36.949638
28.565876
-6.081217
-35.137260
-31.888277
0.678650
32.621624
34.572426
4.737501
-29.453062
-36.564613
-10.058830
25.695002
37.824963
15.178832
-21.422647
-38.328239
-19.995029
16.721523
38.064388
24.411030
-11.685717
-37.038673
-28.338434
6.416020
35.271614
31.698650
-1.017908
-32.798607
-34.424419
-4.400578
29.669136
36.461185
9.730986
-25.945826
-37.768173
-14.866629
21.703224
38.319233
19.704720
-17.026224
-38.103336
-24.148413
12.008448
37.124794
28.108780
-6.750322
-35.403214
-31.506550
1.357087
32.973022
34.273712
4.063310
-29.882879
-36.354893
-9.402380
26.194639
37.708420
14.553262
-21.982101
inf
Final sum = 0.000000; sum/n = 0.000000 (should be ~1)
i=0 ----------------------------------------------------------------------------------------------------
PC 208 (block_id, warp_id)=(, (1,0,0), 0)
  EXC:  0  0  0  0  0  0  0  0  0  0  0  0  0  0  0  0  0  0  0  0  0  0  0  0  0  0  0  0  0  0  0  0 
  EXP: 7f 7e 7a 7f 7f 7c 7e 7f 7d 7e 7f 7d 7e 7f 7e 7e 7f 7e 7d 7f 7e 7c 7f 7e 7a 7f 7f 7c 7e 7f 7d 7e 
PC 208 (block_id, warp_id)=(, (1,0,0), 1)
  EXC:  0  0  0  0  0  0  0  0  0  0  0  0  0  0  0  0  0  0  0  0  0  0  0  0  0  0  0  0  0  0  0  0 
  EXP: 7f 7d 7e 85 00 00 00 00 00 00 00 00 00 00 00 00 00 00 00 00 00 00 00 00 00 00 00 00 00 00 00 00 
PC 208 (block_id, warp_id)=(, (0,0,0), 1)
  EXC:  0  0  0  0  0  0  0  0  0  0  0  0  0  0  0  0  0  0  0  0  0  0  0  0  0  0  0  0  0  0  0  0 
  EXP: 00 7f 7f 7c 7e 7f 7d 7e 7f 7d 7e 7f 7e 7e 7f 7e 7d 7f 7e 7c 7f 7f 78 7f 7f 7c 7e 7f 7d 7e 7f 7d 
PC 208 (block_id, warp_id)=(, (0,0,0), 2)
  EXC:  0  0  0  0  0  0  0  0  0  0  0  0  0  0  0  0  0  0  0  0  0  0  0  0  0  0  0  0  0  0  0  0 
  EXP: 7e 7f 7e 7e 7f 7e 7d 7f 7e 7c 7f 7e 79 7f 7f 7c 7e 7f 7d 7e 7f 7d 7e 7f 7e 7e 7f 7e 7d 7f 7e 7c 
i=1 ----------------------------------------------------------------------------------------------------
PC 256 (block_id, warp_id)=(, (1,0,0), 0)
  EXC:  0  0  0  0  0  0  0  0  0  0  0  0  0  0  0  0  0  0  0  0  0  0  0  0  0  0  0  0  0  0  0  0 
  EXP: 7f 7f 7a 7f 7f 7c 7f 7f 7d 7e 7f 7e 7e 7f 7e 7e 7f 7e 7d 7f 7f 7d 7f 7f 7a 7f 7f 7c 7f 7f 7d 7e 
PC 256 (block_id, warp_id)=(, (1,0,0), 1)
  EXC:  0  0  0  0  0  0  0  0  0  0  0  0  0  0  0  0  0  0  0  0  0  0  0  0  0  0  0  0  0  0  0  0 
  EXP: 7f 7e 7e 8b 00 00 00 00 00 00 00 00 00 00 00 00 00 00 00 00 00 00 00 00 00 00 00 00 00 00 00 00 
PC 256 (block_id, warp_id)=(, (0,0,0), 2)
  EXC:  0  0  0  0  0  0  0  0  0  0  0  0  0  0  0  0  0  0  0  0  0  0  0  0  0  0  0  0  0  0  0  0 
  EXP: 7e 7f 7e 7e 7f 7e 7d 7f 7f 7c 7f 7f 79 7f 7f 7c 7f 7f 7d 7e 7f 7e 7e 7f 7e 7e 7f 7e 7d 7f 7f 7c 
PC 256 (block_id, warp_id)=(, (0,0,0), 1)
  EXC:  0  0  0  0  0  0  0  0  0  0  0  0  0  0  0  0  0  0  0  0  0  0  0  0  0  0  0  0  0  0  0  0 
  EXP: 00 7f 7f 7c 7f 7f 7d 7e 7f 7e 7e 7f 7e 7e 7f 7e 7d 7f 7f 7c 7f 7f 78 7f 7f 7c 7f 7f 7d 7e 7f 7e 
i=2 ----------------------------------------------------------------------------------------------------
PC 304 (block_id, warp_id)=(, (1,0,0), 0)
  EXC:  0  0  0  0  0  0  0  0  0  0  0  0  0  0  0  0  0  0  0  0  0  0  0  0  0  0  0  0  0  0  0  0 
  EXP: 7f 7f 7a 7f 7f 7c 7f 7f 7d 7f 7f 7e 7e 7f 7e 7e 7f 7f 7e 7f 7f 7d 7f 7f 7a 7f 7f 7c 7f 7f 7d 7f 
PC 304 (block_id, warp_id)=(, (1,0,0), 1)
  EXC:  0  0  0  0  0  0  0  0  0  0  0  0  0  0  0  0  0  0  0  0  0  0  0  0  0  0  0  0  0  0  0  0 
  EXP: 7f 7e 7e 92 00 00 00 00 00 00 00 00 00 00 00 00 00 00 00 00 00 00 00 00 00 00 00 00 00 00 00 00 
PC 304 (block_id, warp_id)=(, (0,0,0), 1)
  EXC:  0  0  0  0  0  0  0  0  0  0  0  0  0  0  0  0  0  0  0  0  0  0  0  0  0  0  0  0  0  0  0  0 
  EXP: 00 7f 7f 7c 7f 7f 7d 7f 7f 7e 7e 7f 7e 7e 7f 7f 7d 7f 7f 7d 7f 7f 78 7f 7f 7c 7f 7f 7d 7f 7f 7e 
PC 304 (block_id, warp_id)=(, (0,0,0), 2)
  EXC:  0  0  0  0  0  0  0  0  0  0  0  0  0  0  0  0  0  0  0  0  0  0  0  0  0  0  0  0  0  0  0  0 
  EXP: 7e 7f 7e 7e 7f 7f 7e 7f 7f 7d 7f 7f 79 7f 7f 7c 7f 7f 7d 7f 7f 7e 7e 7f 7e 7e 7f 7f 7e 7f 7f 7d 
i=3 ----------------------------------------------------------------------------------------------------
PC 352 (block_id, warp_id)=(, (1,0,0), 0)
  EXC:  0  0  0  0  0  0  0  0  0  0  0  0  0  0  0  0  0  0  0  0  0  0  0  0  0  0  0  0  0  0  0  0 
  EXP: 7f 7f 7a 7f 7f 7c 7f 7f 7e 7f 80 7e 7f 80 7f 7e 80 7f 7e 80 7f 7d 7f 7f 7b 7f 7f 7c 7f 7f 7e 7f 
PC 352 (block_id, warp_id)=(, (1,0,0), 1)
  EXC:  0  0  0  0  0  0  0  0  0  0  0  0  0  0  0  0  0  0  0  0  0  0  0  0  0  0  0  0  0  0  0  0 
  EXP: 80 7e 7f 99 00 00 00 00 00 00 00 00 00 00 00 00 00 00 00 00 00 00 00 00 00 00 00 00 00 00 00 00 
PC 352 (block_id, warp_id)=(, (0,0,0), 1)
  EXC:  0  0  0  0  0  0  0  0  0  0  0  0  0  0  0  0  0  0  0  0  0  0  0  0  0  0  0  0  0  0  0  0 
  EXP: 00 7f 7f 7d 7f 7f 7e 7f 80 7e 7f 80 7f 7e 80 7f 7e 7f 7f 7d 7f 7f 79 7f 7f 7d 7f 7f 7e 7f 80 7e 
PC 352 (block_id, warp_id)=(, (0,0,0), 2)
  EXC:  0  0  0  0  0  0  0  0  0  0  0  0  0  0  0  0  0  0  0  0  0  0  0  0  0  0  0  0  0  0  0  0 
  EXP: 7f 80 7f 7e 80 7f 7e 7f 7f 7d 7f 7f 7a 7f 7f 7d 7f 7f 7e 7f 80 7e 7f 80 7f 7e 80 7f 7e 80 7f 7d 
i=4 ----------------------------------------------------------------------------------------------------
PC 400 (block_id, warp_id)=(, (1,0,0), 0)
  EXC:  0  0  0  0  0  0  0  0  0  0  0  0  0  0  0  0  0  0  0  0  0  0  0  0  0  0  0  0  0  0  0  0 
  EXP: 80 80 7b 80 80 7d 7f 80 7e 7f 80 7e 7f 80 7f 7f 80 7f 7e 80 7f 7d 80 80 7b 80 80 7d 7f 80 7e 7f 
PC 400 (block_id, warp_id)=(, (1,0,0), 1)
  EXC:  0  0  0  0  0  0  0  0  0  0  0  0  0  0  0  0  0  0  0  0  0  0  0  0  0  0  0  0  0  0  0  0 
  EXP: 80 7e 7f 9f 00 00 00 00 00 00 00 00 00 00 00 00 00 00 00 00 00 00 00 00 00 00 00 00 00 00 00 00 
PC 400 (block_id, warp_id)=(, (0,0,0), 1)
  EXC:  0  0  0  0  0  0  0  0  0  0  0  0  0  0  0  0  0  0  0  0  0  0  0  0  0  0  0  0  0  0  0  0 
  EXP: 00 80 80 7d 7f 80 7e 7f 80 7f 7f 80 7f 7f 80 7f 7e 80 7f 7d 80 80 79 80 80 7d 7f 80 7e 7f 80 7f 
PC 400 (block_id, warp_id)=(, (0,0,0), 2)
  EXC:  0  0  0  0  0  0  0  0  0  0  0  0  0  0  0  0  0  0  0  0  0  0  0  0  0  0  0  0  0  0  0  0 
  EXP: 7f 80 7f 7f 80 7f 7e 80 7f 7d 80 80 7a 80 80 7d 7f 80 7e 7f 80 7e 7f 80 7f 7f 80 7f 7e 80 7f 7d 
i=5 ----------------------------------------------------------------------------------------------------
PC 448 (block_id, warp_id)=(, (1,0,0), 0)
  EXC:  0  0  0  0  0  0  0  0  0  0  0  0  0  0  0  0  0  0  0  0  0  0  0  0  0  0  0  0  0  0  0  0 
  EXP: 80 80 7b 80 80 7d 80 80 7e 80 80 7f 7f 80 7f 7f 80 7f 7e 80 80 7e 80 80 7b 80 80 7d 80 80 7e 80 
PC 448 (block_id, warp_id)=(, (1,0,0), 1)
  EXC:  0  0  0  0  0  0  0  0  0  0  0  0  0  0  0  0  0  0  0  0  0  0  0  0  0  0  0  0  0  0  0  0 
  EXP: 80 7f 7f a6 00 00 00 00 00 00 00 00 00 00 00 00 00 00 00 00 00 00 00 00 00 00 00 00 00 00 00 00 
PC 448 (block_id, warp_id)=(, (0,0,0), 1)
  EXC:  0  0  0  0  0  0  0  0  0  0  0  0  0  0  0  0  0  0  0  0  0  0  0  0  0  0  0  0  0  0  0  0 
  EXP: 00 80 80 7d 80 80 7e 7f 80 7f 7f 80 7f 7f 80 7f 7e 80 80 7d 80 80 79 80 80 7d 80 80 7e 7f 80 7f 
PC 448 (block_id, warp_id)=(, (0,0,0), 2)
  EXC:  0  0  0  0  0  0  0  0  0  0  0  0  0  0  0  0  0  0  0  0  0  0  0  0  0  0  0  0  0  0  0  0 
  EXP: 7f 80 7f 7f 80 7f 7e 80 80 7d 80 80 7a 80 80 7d 80 80 7e 80 80 7f 7f 80 7f 7f 80 7f 7e 80 80 7d 
i=6 ----------------------------------------------------------------------------------------------------
PC 496 (block_id, warp_id)=(, (1,0,0), 0)
  EXC:  0  0  0  0  0  0  0  0  0  0  0  0  0  0  0  0  0  0  0  0  0  0  0  0  0  0  0  0  0  0  0  0 
  EXP: 80 80 7b 80 80 7d 80 80 7e 80 80 7f 80 80 7f 7f 80 80 7f 80 80 7e 80 80 7c 80 80 7d 80 80 7e 80 
PC 496 (block_id, warp_id)=(, (1,0,0), 1)
  EXC:  0  0  0  0  0  0  0  0  0  0  0  0  0  0  0  0  0  0  0  0  0  0  0  0  0  0  0  0  0  0  0  0 
  EXP: 80 7f 80 ad 00 00 00 00 00 00 00 00 00 00 00 00 00 00 00 00 00 00 00 00 00 00 00 00 00 00 00 00 
PC 496 (block_id, warp_id)=(, (0,0,0), 1)
  EXC:  0  0  0  0  0  0  0  0  0  0  0  0  0  0  0  0  0  0  0  0  0  0  0  0  0  0  0  0  0  0  0  0 
  EXP: 00 80 80 7e 80 80 7f 80 80 7f 7f 80 7f 7f 80 80 7f 80 80 7e 80 80 7a 80 80 7d 80 80 7e 80 80 7f 
PC 496 (block_id, warp_id)=(, (0,0,0), 2)
  EXC:  0  0  0  0  0  0  0  0  0  0  0  0  0  0  0  0  0  0  0  0  0  0  0  0  0  0  0  0  0  0  0  0 
  EXP: 7f 80 7f 7f 80 80 7f 80 80 7e 80 80 7b 80 80 7d 80 80 7e 80 80 7f 80 80 7f 7f 80 80 7f 80 80 7e 
i=7 ----------------------------------------------------------------------------------------------------
PC 544 (block_id, warp_id)=(, (1,0,0), 0)
  EXC:  0  0  0  0  0  0  0  0  0  0  0  0  0  0  0  0  0  0  0  0  0  0  0  0  0  0  0  0  0  0  0  0 
  EXP: 80 80 7b 80 80 7d 80 81 7f 80 81 7f 80 81 80 7f 81 80 7f 81 80 7e 80 80 7c 80 80 7d 80 81 7f 80 
PC 544 (block_id, warp_id)=(, (1,0,0), 1)
  EXC:  0  0  0  0  0  0  0  0  0  0  0  0  0  0  0  0  0  0  0  0  0  0  0  0  0  0  0  0  0  0  0  0 
  EXP: 81 7f 80 b3 00 00 00 00 00 00 00 00 00 00 00 00 00 00 00 00 00 00 00 00 00 00 00 00 00 00 00 00 
PC 544 (block_id, warp_id)=(, (0,0,0), 1)
  EXC:  0  0  0  0  0  0  0  0  0  0  0  0  0  0  0  0  0  0  0  0  0  0  0  0  0  0  0  0  0  0  0  0 
  EXP: 00 80 80 7e 80 81 7f 80 81 7f 80 81 80 7f 81 80 7f 81 80 7e 80 80 7a 80 80 7e 80 81 7f 80 81 7f 
PC 544 (block_id, warp_id)=(, (0,0,0), 2)
  EXC:  0  0  0  0  0  0  0  0  0  0  0  0  0  0  0  0  0  0  0  0  0  0  0  0  0  0  0  0  0  0  0  0 
  EXP: 80 81 80 7f 81 80 7f 81 80 7e 80 80 7b 80 80 7e 80 81 7f 80 81 7f 80 81 80 7f 81 80 7f 81 80 7e 
i=8 ----------------------------------------------------------------------------------------------------
PC 592 (block_id, warp_id)=(, (1,0,0), 0)
  EXC:  0  0  0  0  0  0  0  0  0  0  0  0  0  0  0  0  0  0  0  0  0  0  0  0  0  0  0  0  0  0  0  0 
  EXP: 81 81 7c 81 81 7e 80 81 7f 80 81 80 80 81 80 80 81 80 7f 81 80 7e 81 81 7c 81 81 7e 81 81 7f 80 
PC 592 (block_id, warp_id)=(, (1,0,0), 1)
  EXC:  0  0  0  0  0  0  0  0  0  0  0  0  0  0  0  0  0  0  0  0  0  0  0  0  0  0  0  0  0  0  0  0 
  EXP: 81 7f 80 ba 00 00 00 00 00 00 00 00 00 00 00 00 00 00 00 00 00 00 00 00 00 00 00 00 00 00 00 00 
PC 592 (block_id, warp_id)=(, (0,0,0), 1)
  EXC:  0  0  0  0  0  0  0  0  0  0  0  0  0  0  0  0  0  0  0  0  0  0  0  0  0  0  0  0  0  0  0  0 
  EXP: 00 81 81 7e 80 81 7f 80 81 80 80 81 80 80 81 80 7f 81 80 7e 81 81 7a 81 81 7e 80 81 7f 80 81 80 
PC 592 (block_id, warp_id)=(, (0,0,0), 2)
  EXC:  0  0  0  0  0  0  0  0  0  0  0  0  0  0  0  0  0  0  0  0  0  0  0  0  0  0  0  0  0  0  0  0 
  EXP: 80 81 80 80 81 80 7f 81 80 7e 81 81 7b 81 81 7e 80 81 7f 80 81 80 80 81 80 80 81 80 7f 81 80 7e 
i=9 ----------------------------------------------------------------------------------------------------
PC 640 (block_id, warp_id)=(, (1,0,0), 0)
  EXC:  0  0  0  0  0  0  0  0  0  0  0  0  0  0  0  0  0  0  0  0  0  0  0  0  0  0  0  0  0  0  0  0 
  EXP: 81 81 7c 81 81 7e 81 81 7f 81 81 80 80 81 80 80 81 80 7f 81 81 7f 81 81 7c 81 81 7e 81 81 7f 81 
PC 640 (block_id, warp_id)=(, (1,0,0), 1)
  EXC:  0  0  0  0  0  0  0  0  0  0  0  0  0  0  0  0  0  0  0  0  0  0  0  0  0  0  0  0  0  0  0  0 
  EXP: 81 80 80 c1 00 00 00 00 00 00 00 00 00 00 00 00 00 00 00 00 00 00 00 00 00 00 00 00 00 00 00 00 
PC 640 (block_id, warp_id)=(, (0,0,0), 1)
  EXC:  0  0  0  0  0  0  0  0  0  0  0  0  0  0  0  0  0  0  0  0  0  0  0  0  0  0  0  0  0  0  0  0 
  EXP: 00 81 81 7e 81 81 7f 81 81 80 80 81 80 80 81 81 7f 81 81 7e 81 81 7a 81 81 7e 81 81 7f 81 81 80 
PC 640 (block_id, warp_id)=(, (0,0,0), 2)
  EXC:  0  0  0  0  0  0  0  0  0  0  0  0  0  0  0  0  0  0  0  0  0  0  0  0  0  0  0  0  0  0  0  0 
  EXP: 80 81 80 80 81 80 7f 81 81 7e 81 81 7b 81 81 7e 81 81 7f 81 81 80 80 81 80 80 81 80 7f 81 81 7f 
i=10 ----------------------------------------------------------------------------------------------------
PC 688 (block_id, warp_id)=(, (1,0,0), 0)
  EXC:  0  0  0  0  0  0  0  0  0  0  0  0  0  0  0  0  0  0  0  0  0  0  0  0  0  0  0  0  0  0  0  0 
  EXP: 81 81 7c 81 81 7e 81 81 7f 81 81 80 81 81 80 80 81 81 80 81 81 7f 81 81 7d 81 81 7e 81 81 7f 81 
PC 688 (block_id, warp_id)=(, (1,0,0), 1)
  EXC:  0  0  0  0  0  0  0  0  0  0  0  0  0  0  0  0  0  0  0  0  0  0  0  0  0  0  0  0  0  0  0  0 
  EXP: 81 80 81 c7 00 00 00 00 00 00 00 00 00 00 00 00 00 00 00 00 00 00 00 00 00 00 00 00 00 00 00 00 
PC 688 (block_id, warp_id)=(, (0,0,0), 1)
  EXC:  0  0  0  0  0  0  0  0  0  0  0  0  0  0  0  0  0  0  0  0  0  0  0  0  0  0  0  0  0  0  0  0 
  EXP: 00 81 81 7f 81 81 80 81 81 80 81 81 80 80 81 81 80 81 81 7f 81 81 7b 81 81 7e 81 81 80 81 81 80 
PC 688 (block_id, warp_id)=(, (0,0,0), 2)
  EXC:  0  0  0  0  0  0  0  0  0  0  0  0  0  0  0  0  0  0  0  0  0  0  0  0  0  0  0  0  0  0  0  0 
  EXP: 81 81 80 80 81 81 80 81 81 7f 81 81 7c 81 81 7e 81 81 7f 81 81 80 81 81 80 80 81 81 80 81 81 7f 
i=11 ----------------------------------------------------------------------------------------------------
PC 736 (block_id, warp_id)=(, (1,0,0), 0)
  EXC:  0  0  0  0  0  0  0  0  0  0  0  0  0  0  0  0  0  0  0  0  0  0  0  0  0  0  0  0  0  0  0  0 
  EXP: 82 81 7c 81 82 7f 81 82 80 81 82 80 81 82 81 80 82 81 80 82 81 7f 82 81 7d 81 81 7e 81 82 80 81 
PC 736 (block_id, warp_id)=(, (1,0,0), 1)
  EXC:  0  0  0  0  0  0  0  0  0  0  0  0  0  0  0  0  0  0  0  0  0  0  0  0  0  0  0  0  0  0  0  0 
  EXP: 82 80 81 ce 00 00 00 00 00 00 00 00 00 00 00 00 00 00 00 00 00 00 00 00 00 00 00 00 00 00 00 00 
PC 736 (block_id, warp_id)=(, (0,0,0), 1)
  EXC:  0  0  0  0  0  0  0  0  0  0  0  0  0  0  0  0  0  0  0  0  0  0  0  0  0  0  0  0  0  0  0  0 
  EXP: 00 81 82 7f 81 82 80 81 82 80 81 82 81 80 82 81 80 82 81 7f 82 81 7b 81 82 7f 81 82 80 81 82 80 
PC 736 (block_id, warp_id)=(, (0,0,0), 2)
  EXC:  0  0  0  0  0  0  0  0  0  0  0  0  0  0  0  0  0  0  0  0  0  0  0  0  0  0  0  0  0  0  0  0 
  EXP: 81 82 81 80 82 81 80 82 81 7f 82 81 7c 81 82 7f 81 82 80 81 82 80 81 82 81 80 82 81 80 82 81 7f 
i=12 ----------------------------------------------------------------------------------------------------
PC 784 (block_id, warp_id)=(, (1,0,0), 0)
  EXC:  0  0  0  0  0  0  0  0  0  0  0  0  0  0  0  0  0  0  0  0  0  0  0  0  0  0  0  0  0  0  0  0 
  EXP: 82 82 7d 82 82 7f 82 82 80 81 82 81 81 82 81 81 82 81 80 82 81 7f 82 82 7d 82 82 7f 82 82 80 81 
PC 784 (block_id, warp_id)=(, (1,0,0), 1)
  EXC:  0  0  0  0  0  0  0  0  0  0  0  0  0  0  0  0  0  0  0  0  0  0  0  0  0  0  0  0  0  0  0  0 
  EXP: 82 81 81 d5 00 00 00 00 00 00 00 00 00 00 00 00 00 00 00 00 00 00 00 00 00 00 00 00 00 00 00 00 
PC 784 (block_id, warp_id)=(, (0,0,0), 1)
  EXC:  0  0  0  0  0  0  0  0  0  0  0  0  0  0  0  0  0  0  0  0  0  0  0  0  0  0  0  0  0  0  0  0 
  EXP: 00 82 82 7f 82 82 80 81 82 81 81 82 81 81 82 81 80 82 82 7f 82 82 7b 82 82 7f 82 82 80 81 82 81 
PC 784 (block_id, warp_id)=(, (0,0,0), 2)
  EXC:  0  0  0  0  0  0  0  0  0  0  0  0  0  0  0  0  0  0  0  0  0  0  0  0  0  0  0  0  0  0  0  0 
  EXP: 81 82 81 81 82 81 80 82 81 7f 82 82 7c 82 82 7f 82 82 80 81 82 81 81 82 81 81 82 81 80 82 81 7f 
i=13 ----------------------------------------------------------------------------------------------------
PC 832 (block_id, warp_id)=(, (1,0,0), 0)
  EXC:  0  0  0  0  0  0  0  0  0  0  0  0  0  0  0  0  0  0  0  0  0  0  0  0  0  0  0  0  0  0  0  0 
  EXP: 82 82 7d 82 82 7f 82 82 80 82 82 81 81 82 81 81 82 82 81 82 82 80 82 82 7d 82 82 7f 82 82 80 82 
PC 832 (block_id, warp_id)=(, (1,0,0), 1)
  EXC:  0  0  0  0  0  0  0  0  0  0  0  0  0  0  0  0  0  0  0  0  0  0  0  0  0  0  0  0  0  0  0  0 
  EXP: 82 81 81 db 00 00 00 00 00 00 00 00 00 00 00 00 00 00 00 00 00 00 00 00 00 00 00 00 00 00 00 00 
PC 832 (block_id, warp_id)=(, (0,0,0), 1)
  EXC:  0  0  0  0  0  0  0  0  0  0  0  0  0  0  0  0  0  0  0  0  0  0  0  0  0  0  0  0  0  0  0  0 
  EXP: 00 82 82 7f 82 82 80 82 82 81 81 82 81 81 82 82 80 82 82 7f 82 82 7b 82 82 7f 82 82 80 82 82 81 
PC 832 (block_id, warp_id)=(, (0,0,0), 2)
  EXC:  0  0  0  0  0  0  0  0  0  0  0  0  0  0  0  0  0  0  0  0  0  0  0  0  0  0  0  0  0  0  0  0 
  EXP: 81 82 81 81 82 82 80 82 82 80 82 82 7c 82 82 7f 82 82 80 82 82 81 81 82 81 81 82 82 80 82 82 80 
i=14 ----------------------------------------------------------------------------------------------------
PC 880 (block_id, warp_id)=(, (1,0,0), 0)
  EXC:  0  0  0  0  0  0  0  0  0  0  0  0  0  0  0  0  0  0  0  0  0  0  0  0  0  0  0  0  0  0  0  0 
  EXP: 82 82 7d 82 82 7f 82 82 80 82 82 81 82 82 81 81 82 82 81 82 82 80 82 82 7e 82 82 7f 82 82 80 82 
PC 880 (block_id, warp_id)=(, (1,0,0), 1)
  EXC:  0  0  0  0  0  0  0  0  0  0  0  0  0  0  0  0  0  0  0  0  0  0  0  0  0  0  0  0  0  0  0  0 
  EXP: 82 81 82 e2 00 00 00 00 00 00 00 00 00 00 00 00 00 00 00 00 00 00 00 00 00 00 00 00 00 00 00 00 
PC 880 (block_id, warp_id)=(, (0,0,0), 1)
  EXC:  0  0  0  0  0  0  0  0  0  0  0  0  0  0  0  0  0  0  0  0  0  0  0  0  0  0  0  0  0  0  0  0 
  EXP: 00 82 82 80 82 82 81 82 82 81 82 82 82 81 82 82 81 82 82 80 82 82 7c 82 82 80 82 82 81 82 82 81 
PC 880 (block_id, warp_id)=(, (0,0,0), 2)
  EXC:  0  0  0  0  0  0  0  0  0  0  0  0  0  0  0  0  0  0  0  0  0  0  0  0  0  0  0  0  0  0  0  0 
  EXP: 82 82 82 81 82 82 81 82 82 80 82 82 7d 82 82 7f 82 82 81 82 82 81 82 82 82 81 82 82 81 82 82 80 
i=15 ----------------------------------------------------------------------------------------------------
PC 928 (block_id, warp_id)=(, (1,0,0), 0)
  EXC:  0  0  0  0  0  0  0  0  0  0  0  0  0  0  0  0  0  0  0  0  0  0  0  0  0  0  0  0  0  0  0  0 
  EXP: 83 82 7d 82 83 80 82 83 81 82 83 81 82 83 82 82 83 82 81 83 82 80 83 82 7e 82 83 7f 82 83 81 82 
PC 928 (block_id, warp_id)=(, (1,0,0), 1)
  EXC:  0  0  0  0  0  0  0  0  0  0  0  0  0  0  0  0  0  0  0  0  0  0  0  0  0  0  0  0  0  0  0  0 
  EXP: 83 81 82 e8 00 00 00 00 00 00 00 00 00 00 00 00 00 00 00 00 00 00 00 00 00 00 00 00 00 00 00 00 
PC 928 (block_id, warp_id)=(, (0,0,0), 1)
  EXC:  0  0  0  0  0  0  0  0  0  0  0  0  0  0  0  0  0  0  0  0  0  0  0  0  0  0  0  0  0  0  0  0 
  EXP: 00 82 83 80 82 83 81 82 83 81 82 83 82 81 83 82 81 83 82 80 83 82 7c 82 83 80 82 83 81 82 83 81 
PC 928 (block_id, warp_id)=(, (0,0,0), 2)
  EXC:  0  0  0  0  0  0  0  0  0  0  0  0  0  0  0  0  0  0  0  0  0  0  0  0  0  0  0  0  0  0  0  0 
  EXP: 82 83 82 81 83 82 81 83 82 80 83 82 7d 82 83 80 82 83 81 82 83 81 82 83 82 82 83 82 81 83 82 80 
i=16 ----------------------------------------------------------------------------------------------------
PC 976 (block_id, warp_id)=(, (1,0,0), 0)
  EXC:  0  0  0  0  0  0  0  0  0  0  0  0  0  0  0  0  0  0  0  0  0  0  0  0  0  0  0  0  0  0  0  0 
  EXP: 83 83 7e 83 83 80 83 83 81 82 83 82 82 83 82 82 83 82 81 83 83 80 83 83 7e 83 83 80 83 83 81 82 
PC 976 (block_id, warp_id)=(, (1,0,0), 1)
  EXC:  0  0  0  0  0  0  0  0  0  0  0  0  0  0  0  0  0  0  0  0  0  0  0  0  0  0  0  0  0  0  0  0 
  EXP: 83 82 82 ef 00 00 00 00 00 00 00 00 00 00 00 00 00 00 00 00 00 00 00 00 00 00 00 00 00 00 00 00 
PC 976 (block_id, warp_id)=(, (0,0,0), 1)
  EXC:  0  0  0  0  0  0  0  0  0  0  0  0  0  0  0  0  0  0  0  0  0  0  0  0  0  0  0  0  0  0  0  0 
  EXP: 00 83 83 80 83 83 81 82 83 82 82 83 82 82 83 82 81 83 83 80 83 83 7c 83 83 80 83 83 81 82 83 82 
PC 976 (block_id, warp_id)=(, (0,0,0), 2)
  EXC:  0  0  0  0  0  0  0  0  0  0  0  0  0  0  0  0  0  0  0  0  0  0  0  0  0  0  0  0  0  0  0  0 
  EXP: 82 83 82 82 83 82 81 83 83 80 83 83 7d 83 83 80 83 83 81 82 83 82 82 83 82 82 83 82 81 83 83 80 
i=17 ----------------------------------------------------------------------------------------------------
PC 1024 (block_id, warp_id)=(, (1,0,0), 0)
  EXC:  0  0  0  0  0  0  0  0  0  0  0  0  0  0  0  0  0  0  0  0  0  0  0  0  0  0  0  0  0  0  0  0 
  EXP: 83 83 7e 83 83 80 83 83 81 83 83 82 82 83 82 82 83 83 82 83 83 81 83 83 7e 83 83 80 83 83 81 83 
PC 1024 (block_id, warp_id)=(, (1,0,0), 1)
  EXC:  0  0  0  0  0  0  0  0  0  0  0  0  0  0  0  0  0  0  0  0  0  0  0  0  0  0  0  0  0  0  0  0 
  EXP: 83 82 82 f6 00 00 00 00 00 00 00 00 00 00 00 00 00 00 00 00 00 00 00 00 00 00 00 00 00 00 00 00 
PC 1024 (block_id, warp_id)=(, (0,0,0), 1)
  EXC:  0  0  0  0  0  0  0  0  0  0  0  0  0  0  0  0  0  0  0  0  0  0  0  0  0  0  0  0  0  0  0  0 
  EXP: 00 83 83 80 83 83 81 83 83 82 82 83 82 82 83 83 81 83 83 80 83 83 7c 83 83 80 83 83 81 83 83 82 
PC 1024 (block_id, warp_id)=(, (0,0,0), 2)
  EXC:  0  0  0  0  0  0  0  0  0  0  0  0  0  0  0  0  0  0  0  0  0  0  0  0  0  0  0  0  0  0  0  0 
  EXP: 82 83 82 82 83 83 81 83 83 81 83 83 7d 83 83 80 83 83 81 83 83 82 82 83 82 82 83 83 82 83 83 81 
i=18 ----------------------------------------------------------------------------------------------------
PC 1072 (block_id, warp_id)=(, (1,0,0), 0)
  EXC:  0  0  0  0  0  0  0  0  0  0  0  0  0  0  0  0  0  0  0  0  0  0  0  0  0  0  0  0  0  0  0  0 
  EXP: 83 83 7e 83 83 80 83 83 82 83 83 82 83 83 83 82 83 83 82 83 83 81 83 83 7f 83 83 80 83 83 81 83 
PC 1072 (block_id, warp_id)=(, (1,0,0), 1)
  EXC:  0  0  0  0  0  0  0  0  0  0  0  0  0  0  0  0  0  0  0  0  0  0  0  0  0  0  0  0  0  0  0  0 
  EXP: 83 82 83 fc 00 00 00 00 00 00 00 00 00 00 00 00 00 00 00 00 00 00 00 00 00 00 00 00 00 00 00 00 
PC 1072 (block_id, warp_id)=(, (0,0,0), 1)
  EXC:  0  0  0  0  0  0  0  0  0  0  0  0  0  0  0  0  0  0  0  0  0  0  0  0  0  0  0  0  0  0  0  0 
  EXP: 00 83 83 81 83 83 82 83 83 82 83 83 83 82 83 83 82 83 83 81 83 83 7d 83 83 81 83 83 82 83 83 82 
PC 1072 (block_id, warp_id)=(, (0,0,0), 2)
  EXC:  0  0  0  0  0  0  0  0  0  0  0  0  0  0  0  0  0  0  0  0  0  0  0  0  0  0  0  0  0  0  0  0 
  EXP: 83 83 83 82 83 83 82 83 83 81 83 83 7e 83 83 80 83 83 82 83 83 82 83 83 83 82 83 83 82 83 83 81 
i=19 ----------------------------------------------------------------------------------------------------
PC 1120 (block_id, warp_id)=(, (1,0,0), 0)
  EXC:  0  0  0  0  0  0  0  0  0  0  0  0  0  0  0  0  0  0  0  0  0  0  0  0  0  0  0  0  0  0  0  0 
  EXP: 84 83 7f 84 84 81 83 84 82 83 84 82 83 84 83 83 84 83 82 84 83 81 84 83 7f 84 84 81 83 84 82 83 
PC 1120 (block_id, warp_id)=(, (1,0,0), 1)
  EXC:  0  0  0  2  0  0  0  0  0  0  0  0  0  0  0  0  0  0  0  0  0  0  0  0  0  0  0  0  0  0  0  0 
  EXP: 84 82 83 ff 00 00 00 00 00 00 00 00 00 00 00 00 00 00 00 00 00 00 00 00 00 00 00 00 00 00 00 00 
PC 1120 (block_id, warp_id)=(, (0,0,0), 1)
  EXC:  0  0  0  0  0  0  0  0  0  0  0  0  0  0  0  0  0  0  0  0  0  0  0  0  0  0  0  0  0  0  0  0 
  EXP: 00 84 84 81 83 84 82 83 84 82 83 84 83 83 84 83 82 84 83 81 84 84 7d 84 84 81 83 84 82 83 84 82 
PC 1120 (block_id, warp_id)=(, (0,0,0), 2)
  EXC:  0  0  0  0  0  0  0  0  0  0  0  0  0  0  0  0  0  0  0  0  0  0  0  0  0  0  0  0  0  0  0  0 
  EXP: 83 84 83 83 84 83 82 84 83 81 84 83 7e 84 84 81 83 84 82 83 84 82 83 84 83 83 84 83 82 84 83 81 
####################################################################################################
Exception report:
PC: 1120, (block_id, warp_id)->((1, 0, 0), 1)
 - lane_id: 3, execption: 2
