PC_group: 208 (Non-exceptional instruction)
PC 208 (block_id, warp_id)=(, (1,0,0), 0)
  EXC:  0  0  0  0  0  0  0  0  0  0  0  0  0  0  0  0  0  0  0  0  0  0  0  0  0  0  0  0  0  0  0  0 
  EXP: 7f 7e 7a 7f 7f 7c 7e 7f 7d 7e 7f 7d 7e 7f 7e 7e 7f 7e 7d 7f 7e 7c 7f 7e 7a 7f 7f 7c 7e 7f 7d 7e 
PC 208 (block_id, warp_id)=(, (1,0,0), 1)
  EXC:  0  0  0  0  0  0  0  0  0  0  0  0  0  0  0  0  0  0  0  0  0  0  0  0  0  0  0  0  0  0  0  0 
  EXP: 7f 7d 7e 85 00 00 00 00 00 00 00 00 00 00 00 00 00 00 00 00 00 00 00 00 00 00 00 00 00 00 00 00 
PC 208 (block_id, warp_id)=(, (0,0,0), 1)
  EXC:  0  0  0  0  0  0  0  0  0  0  0  0  0  0  0  0  0  0  0  0  0  0  0  0  0  0  0  0  0  0  0  0 
  EXP: 00 7f 7f 7c 7e 7f 7d 7e 7f 7d 7e 7f 7e 7e 7f 7e 7d 7f 7e 7c 7f 7f 78 7f 7f 7c 7e 7f 7d 7e 7f 7d 
PC 208 (block_id, warp_id)=(, (0,0,0), 2)
  EXC:  0  0  0  0  0  0  0  0  0  0  0  0  0  0  0  0  0  0  0  0  0  0  0  0  0  0  0  0  0  0  0  0 
  EXP: 7e 7f 7e 7e 7f 7e 7d 7f 7e 7c 7f 7e 79 7f 7f 7c 7e 7f 7d 7e 7f 7d 7e 7f 7e 7e 7f 7e 7d 7f 7e 7c 

##################################################
PC_group: 256 (Non-exceptional instruction)
PC 256 (block_id, warp_id)=(, (1,0,0), 0)
  EXC:  0  0  0  0  0  0  0  0  0  0  0  0  0  0  0  0  0  0  0  0  0  0  0  0  0  0  0  0  0  0  0  0 
  EXP: 7f 7f 7a 7f 7f 7c 7f 7f 7d 7e 7f 7e 7e 7f 7e 7e 7f 7e 7d 7f 7f 7d 7f 7f 7a 7f 7f 7c 7f 7f 7d 7e 
PC 256 (block_id, warp_id)=(, (1,0,0), 1)
  EXC:  0  0  0  0  0  0  0  0  0  0  0  0  0  0  0  0  0  0  0  0  0  0  0  0  0  0  0  0  0  0  0  0 
  EXP: 7f 7e 7e 8b 00 00 00 00 00 00 00 00 00 00 00 00 00 00 00 00 00 00 00 00 00 00 00 00 00 00 00 00 
PC 256 (block_id, warp_id)=(, (0,0,0), 2)
  EXC:  0  0  0  0  0  0  0  0  0  0  0  0  0  0  0  0  0  0  0  0  0  0  0  0  0  0  0  0  0  0  0  0 
  EXP: 7e 7f 7e 7e 7f 7e 7d 7f 7f 7c 7f 7f 79 7f 7f 7c 7f 7f 7d 7e 7f 7e 7e 7f 7e 7e 7f 7e 7d 7f 7f 7c 
PC 256 (block_id, warp_id)=(, (0,0,0), 1)
  EXC:  0  0  0  0  0  0  0  0  0  0  0  0  0  0  0  0  0  0  0  0  0  0  0  0  0  0  0  0  0  0  0  0 
  EXP: 00 7f 7f 7c 7f 7f 7d 7e 7f 7e 7e 7f 7e 7e 7f 7e 7d 7f 7f 7c 7f 7f 78 7f 7f 7c 7f 7f 7d 7e 7f 7e 

##################################################
PC_group: 304 (Non-exceptional instruction)
PC 304 (block_id, warp_id)=(, (1,0,0), 0)
  EXC:  0  0  0  0  0  0  0  0  0  0  0  0  0  0  0  0  0  0  0  0  0  0  0  0  0  0  0  0  0  0  0  0 
  EXP: 7f 7f 7a 7f 7f 7c 7f 7f 7d 7f 7f 7e 7e 7f 7e 7e 7f 7f 7e 7f 7f 7d 7f 7f 7a 7f 7f 7c 7f 7f 7d 7f 
PC 304 (block_id, warp_id)=(, (1,0,0), 1)
  EXC:  0  0  0  0  0  0  0  0  0  0  0  0  0  0  0  0  0  0  0  0  0  0  0  0  0  0  0  0  0  0  0  0 
  EXP: 7f 7e 7e 92 00 00 00 00 00 00 00 00 00 00 00 00 00 00 00 00 00 00 00 00 00 00 00 00 00 00 00 00 
PC 304 (block_id, warp_id)=(, (0,0,0), 1)
  EXC:  0  0  0  0  0  0  0  0  0  0  0  0  0  0  0  0  0  0  0  0  0  0  0  0  0  0  0  0  0  0  0  0 
  EXP: 00 7f 7f 7c 7f 7f 7d 7f 7f 7e 7e 7f 7e 7e 7f 7f 7d 7f 7f 7d 7f 7f 78 7f 7f 7c 7f 7f 7d 7f 7f 7e 
PC 304 (block_id, warp_id)=(, (0,0,0), 2)
  EXC:  0  0  0  0  0  0  0  0  0  0  0  0  0  0  0  0  0  0  0  0  0  0  0  0  0  0  0  0  0  0  0  0 
  EXP: 7e 7f 7e 7e 7f 7f 7e 7f 7f 7d 7f 7f 79 7f 7f 7c 7f 7f 7d 7f 7f 7e 7e 7f 7e 7e 7f 7f 7e 7f 7f 7d 

##################################################
PC_group: 352 (Non-exceptional instruction)
PC 352 (block_id, warp_id)=(, (1,0,0), 0)
  EXC:  0  0  0  0  0  0  0  0  0  0  0  0  0  0  0  0  0  0  0  0  0  0  0  0  0  0  0  0  0  0  0  0 
  EXP: 7f 7f 7a 7f 7f 7c 7f 7f 7e 7f 80 7e 7f 80 7f 7e 80 7f 7e 80 7f 7d 7f 7f 7b 7f 7f 7c 7f 7f 7e 7f 
PC 352 (block_id, warp_id)=(, (1,0,0), 1)
  EXC:  0  0  0  0  0  0  0  0  0  0  0  0  0  0  0  0  0  0  0  0  0  0  0  0  0  0  0  0  0  0  0  0 
  EXP: 80 7e 7f 99 00 00 00 00 00 00 00 00 00 00 00 00 00 00 00 00 00 00 00 00 00 00 00 00 00 00 00 00 
PC 352 (block_id, warp_id)=(, (0,0,0), 1)
  EXC:  0  0  0  0  0  0  0  0  0  0  0  0  0  0  0  0  0  0  0  0  0  0  0  0  0  0  0  0  0  0  0  0 
  EXP: 00 7f 7f 7d 7f 7f 7e 7f 80 7e 7f 80 7f 7e 80 7f 7e 7f 7f 7d 7f 7f 79 7f 7f 7d 7f 7f 7e 7f 80 7e 
PC 352 (block_id, warp_id)=(, (0,0,0), 2)
  EXC:  0  0  0  0  0  0  0  0  0  0  0  0  0  0  0  0  0  0  0  0  0  0  0  0  0  0  0  0  0  0  0  0 
  EXP: 7f 80 7f 7e 80 7f 7e 7f 7f 7d 7f 7f 7a 7f 7f 7d 7f 7f 7e 7f 80 7e 7f 80 7f 7e 80 7f 7e 80 7f 7d 

##################################################
PC_group: 400 (Non-exceptional instruction)
PC 400 (block_id, warp_id)=(, (1,0,0), 0)
  EXC:  0  0  0  0  0  0  0  0  0  0  0  0  0  0  0  0  0  0  0  0  0  0  0  0  0  0  0  0  0  0  0  0 
  EXP: 80 80 7b 80 80 7d 7f 80 7e 7f 80 7e 7f 80 7f 7f 80 7f 7e 80 7f 7d 80 80 7b 80 80 7d 7f 80 7e 7f 
PC 400 (block_id, warp_id)=(, (1,0,0), 1)
  EXC:  0  0  0  0  0  0  0  0  0  0  0  0  0  0  0  0  0  0  0  0  0  0  0  0  0  0  0  0  0  0  0  0 
  EXP: 80 7e 7f 9f 00 00 00 00 00 00 00 00 00 00 00 00 00 00 00 00 00 00 00 00 00 00 00 00 00 00 00 00 
PC 400 (block_id, warp_id)=(, (0,0,0), 1)
  EXC:  0  0  0  0  0  0  0  0  0  0  0  0  0  0  0  0  0  0  0  0  0  0  0  0  0  0  0  0  0  0  0  0 
  EXP: 00 80 80 7d 7f 80 7e 7f 80 7f 7f 80 7f 7f 80 7f 7e 80 7f 7d 80 80 79 80 80 7d 7f 80 7e 7f 80 7f 
PC 400 (block_id, warp_id)=(, (0,0,0), 2)
  EXC:  0  0  0  0  0  0  0  0  0  0  0  0  0  0  0  0  0  0  0  0  0  0  0  0  0  0  0  0  0  0  0  0 
  EXP: 7f 80 7f 7f 80 7f 7e 80 7f 7d 80 80 7a 80 80 7d 7f 80 7e 7f 80 7e 7f 80 7f 7f 80 7f 7e 80 7f 7d 

##################################################
PC_group: 448 (Non-exceptional instruction)
PC 448 (block_id, warp_id)=(, (1,0,0), 0)
  EXC:  0  0  0  0  0  0  0  0  0  0  0  0  0  0  0  0  0  0  0  0  0  0  0  0  0  0  0  0  0  0  0  0 
  EXP: 80 80 7b 80 80 7d 80 80 7e 80 80 7f 7f 80 7f 7f 80 7f 7e 80 80 7e 80 80 7b 80 80 7d 80 80 7e 80 
PC 448 (block_id, warp_id)=(, (1,0,0), 1)
  EXC:  0  0  0  0  0  0  0  0  0  0  0  0  0  0  0  0  0  0  0  0  0  0  0  0  0  0  0  0  0  0  0  0 
  EXP: 80 7f 7f a6 00 00 00 00 00 00 00 00 00 00 00 00 00 00 00 00 00 00 00 00 00 00 00 00 00 00 00 00 
PC 448 (block_id, warp_id)=(, (0,0,0), 1)
  EXC:  0  0  0  0  0  0  0  0  0  0  0  0  0  0  0  0  0  0  0  0  0  0  0  0  0  0  0  0  0  0  0  0 
  EXP: 00 80 80 7d 80 80 7e 7f 80 7f 7f 80 7f 7f 80 7f 7e 80 80 7d 80 80 79 80 80 7d 80 80 7e 7f 80 7f 
PC 448 (block_id, warp_id)=(, (0,0,0), 2)
  EXC:  0  0  0  0  0  0  0  0  0  0  0  0  0  0  0  0  0  0  0  0  0  0  0  0  0  0  0  0  0  0  0  0 
  EXP: 7f 80 7f 7f 80 7f 7e 80 80 7d 80 80 7a 80 80 7d 80 80 7e 80 80 7f 7f 80 7f 7f 80 7f 7e 80 80 7d 

##################################################
PC_group: 496 (Non-exceptional instruction)
PC 496 (block_id, warp_id)=(, (1,0,0), 0)
  EXC:  0  0  0  0  0  0  0  0  0  0  0  0  0  0  0  0  0  0  0  0  0  0  0  0  0  0  0  0  0  0  0  0 
  EXP: 80 80 7b 80 80 7d 80 80 7e 80 80 7f 80 80 7f 7f 80 80 7f 80 80 7e 80 80 7c 80 80 7d 80 80 7e 80 
PC 496 (block_id, warp_id)=(, (1,0,0), 1)
  EXC:  0  0  0  0  0  0  0  0  0  0  0  0  0  0  0  0  0  0  0  0  0  0  0  0  0  0  0  0  0  0  0  0 
  EXP: 80 7f 80 ad 00 00 00 00 00 00 00 00 00 00 00 00 00 00 00 00 00 00 00 00 00 00 00 00 00 00 00 00 
PC 496 (block_id, warp_id)=(, (0,0,0), 1)
  EXC:  0  0  0  0  0  0  0  0  0  0  0  0  0  0  0  0  0  0  0  0  0  0  0  0  0  0  0  0  0  0  0  0 
  EXP: 00 80 80 7e 80 80 7f 80 80 7f 7f 80 7f 7f 80 80 7f 80 80 7e 80 80 7a 80 80 7d 80 80 7e 80 80 7f 
PC 496 (block_id, warp_id)=(, (0,0,0), 2)
  EXC:  0  0  0  0  0  0  0  0  0  0  0  0  0  0  0  0  0  0  0  0  0  0  0  0  0  0  0  0  0  0  0  0 
  EXP: 7f 80 7f 7f 80 80 7f 80 80 7e 80 80 7b 80 80 7d 80 80 7e 80 80 7f 80 80 7f 7f 80 80 7f 80 80 7e 

##################################################
PC_group: 544 (Non-exceptional instruction)
PC 544 (block_id, warp_id)=(, (1,0,0), 0)
  EXC:  0  0  0  0  0  0  0  0  0  0  0  0  0  0  0  0  0  0  0  0  0  0  0  0  0  0  0  0  0  0  0  0 
  EXP: 80 80 7b 80 80 7d 80 81 7f 80 81 7f 80 81 80 7f 81 80 7f 81 80 7e 80 80 7c 80 80 7d 80 81 7f 80 
PC 544 (block_id, warp_id)=(, (1,0,0), 1)
  EXC:  0  0  0  0  0  0  0  0  0  0  0  0  0  0  0  0  0  0  0  0  0  0  0  0  0  0  0  0  0  0  0  0 
  EXP: 81 7f 80 b3 00 00 00 00 00 00 00 00 00 00 00 00 00 00 00 00 00 00 00 00 00 00 00 00 00 00 00 00 
PC 544 (block_id, warp_id)=(, (0,0,0), 1)
  EXC:  0  0  0  0  0  0  0  0  0  0  0  0  0  0  0  0  0  0  0  0  0  0  0  0  0  0  0  0  0  0  0  0 
  EXP: 00 80 80 7e 80 81 7f 80 81 7f 80 81 80 7f 81 80 7f 81 80 7e 80 80 7a 80 80 7e 80 81 7f 80 81 7f 
PC 544 (block_id, warp_id)=(, (0,0,0), 2)
  EXC:  0  0  0  0  0  0  0  0  0  0  0  0  0  0  0  0  0  0  0  0  0  0  0  0  0  0  0  0  0  0  0  0 
  EXP: 80 81 80 7f 81 80 7f 81 80 7e 80 80 7b 80 80 7e 80 81 7f 80 81 7f 80 81 80 7f 81 80 7f 81 80 7e 

##################################################
PC_group: 592 (Non-exceptional instruction)
PC 592 (block_id, warp_id)=(, (1,0,0), 0)
  EXC:  0  0  0  0  0  0  0  0  0  0  0  0  0  0  0  0  0  0  0  0  0  0  0  0  0  0  0  0  0  0  0  0 
  EXP: 81 81 7c 81 81 7e 80 81 7f 80 81 80 80 81 80 80 81 80 7f 81 80 7e 81 81 7c 81 81 7e 81 81 7f 80 
PC 592 (block_id, warp_id)=(, (1,0,0), 1)
  EXC:  0  0  0  0  0  0  0  0  0  0  0  0  0  0  0  0  0  0  0  0  0  0  0  0  0  0  0  0  0  0  0  0 
  EXP: 81 7f 80 ba 00 00 00 00 00 00 00 00 00 00 00 00 00 00 00 00 00 00 00 00 00 00 00 00 00 00 00 00 
PC 592 (block_id, warp_id)=(, (0,0,0), 1)
  EXC:  0  0  0  0  0  0  0  0  0  0  0  0  0  0  0  0  0  0  0  0  0  0  0  0  0  0  0  0  0  0  0  0 
  EXP: 00 81 81 7e 80 81 7f 80 81 80 80 81 80 80 81 80 7f 81 80 7e 81 81 7a 81 81 7e 80 81 7f 80 81 80 
PC 592 (block_id, warp_id)=(, (0,0,0), 2)
  EXC:  0  0  0  0  0  0  0  0  0  0  0  0  0  0  0  0  0  0  0  0  0  0  0  0  0  0  0  0  0  0  0  0 
  EXP: 80 81 80 80 81 80 7f 81 80 7e 81 81 7b 81 81 7e 80 81 7f 80 81 80 80 81 80 80 81 80 7f 81 80 7e 

##################################################
PC_group: 640 (Non-exceptional instruction)
PC 640 (block_id, warp_id)=(, (1,0,0), 0)
  EXC:  0  0  0  0  0  0  0  0  0  0  0  0  0  0  0  0  0  0  0  0  0  0  0  0  0  0  0  0  0  0  0  0 
  EXP: 81 81 7c 81 81 7e 81 81 7f 81 81 80 80 81 80 80 81 80 7f 81 81 7f 81 81 7c 81 81 7e 81 81 7f 81 
PC 640 (block_id, warp_id)=(, (1,0,0), 1)
  EXC:  0  0  0  0  0  0  0  0  0  0  0  0  0  0  0  0  0  0  0  0  0  0  0  0  0  0  0  0  0  0  0  0 
  EXP: 81 80 80 c1 00 00 00 00 00 00 00 00 00 00 00 00 00 00 00 00 00 00 00 00 00 00 00 00 00 00 00 00 
PC 640 (block_id, warp_id)=(, (0,0,0), 1)
  EXC:  0  0  0  0  0  0  0  0  0  0  0  0  0  0  0  0  0  0  0  0  0  0  0  0  0  0  0  0  0  0  0  0 
  EXP: 00 81 81 7e 81 81 7f 81 81 80 80 81 80 80 81 81 7f 81 81 7e 81 81 7a 81 81 7e 81 81 7f 81 81 80 
PC 640 (block_id, warp_id)=(, (0,0,0), 2)
  EXC:  0  0  0  0  0  0  0  0  0  0  0  0  0  0  0  0  0  0  0  0  0  0  0  0  0  0  0  0  0  0  0  0 
  EXP: 80 81 80 80 81 80 7f 81 81 7e 81 81 7b 81 81 7e 81 81 7f 81 81 80 80 81 80 80 81 80 7f 81 81 7f 

##################################################
PC_group: 688 (Non-exceptional instruction)
PC 688 (block_id, warp_id)=(, (1,0,0), 0)
  EXC:  0  0  0  0  0  0  0  0  0  0  0  0  0  0  0  0  0  0  0  0  0  0  0  0  0  0  0  0  0  0  0  0 
  EXP: 81 81 7c 81 81 7e 81 81 7f 81 81 80 81 81 80 80 81 81 80 81 81 7f 81 81 7d 81 81 7e 81 81 7f 81 
PC 688 (block_id, warp_id)=(, (1,0,0), 1)
  EXC:  0  0  0  0  0  0  0  0  0  0  0  0  0  0  0  0  0  0  0  0  0  0  0  0  0  0  0  0  0  0  0  0 
  EXP: 81 80 81 c7 00 00 00 00 00 00 00 00 00 00 00 00 00 00 00 00 00 00 00 00 00 00 00 00 00 00 00 00 
PC 688 (block_id, warp_id)=(, (0,0,0), 1)
  EXC:  0  0  0  0  0  0  0  0  0  0  0  0  0  0  0  0  0  0  0  0  0  0  0  0  0  0  0  0  0  0  0  0 
  EXP: 00 81 81 7f 81 81 80 81 81 80 81 81 80 80 81 81 80 81 81 7f 81 81 7b 81 81 7e 81 81 80 81 81 80 
PC 688 (block_id, warp_id)=(, (0,0,0), 2)
  EXC:  0  0  0  0  0  0  0  0  0  0  0  0  0  0  0  0  0  0  0  0  0  0  0  0  0  0  0  0  0  0  0  0 
  EXP: 81 81 80 80 81 81 80 81 81 7f 81 81 7c 81 81 7e 81 81 7f 81 81 80 81 81 80 80 81 81 80 81 81 7f 

##################################################
PC_group: 736 (Non-exceptional instruction)
PC 736 (block_id, warp_id)=(, (1,0,0), 0)
  EXC:  0  0  0  0  0  0  0  0  0  0  0  0  0  0  0  0  0  0  0  0  0  0  0  0  0  0  0  0  0  0  0  0 
  EXP: 82 81 7c 81 82 7f 81 82 80 81 82 80 81 82 81 80 82 81 80 82 81 7f 82 81 7d 81 81 7e 81 82 80 81 
PC 736 (block_id, warp_id)=(, (1,0,0), 1)
  EXC:  0  0  0  0  0  0  0  0  0  0  0  0  0  0  0  0  0  0  0  0  0  0  0  0  0  0  0  0  0  0  0  0 
  EXP: 82 80 81 ce 00 00 00 00 00 00 00 00 00 00 00 00 00 00 00 00 00 00 00 00 00 00 00 00 00 00 00 00 
PC 736 (block_id, warp_id)=(, (0,0,0), 1)
  EXC:  0  0  0  0  0  0  0  0  0  0  0  0  0  0  0  0  0  0  0  0  0  0  0  0  0  0  0  0  0  0  0  0 
  EXP: 00 81 82 7f 81 82 80 81 82 80 81 82 81 80 82 81 80 82 81 7f 82 81 7b 81 82 7f 81 82 80 81 82 80 
PC 736 (block_id, warp_id)=(, (0,0,0), 2)
  EXC:  0  0  0  0  0  0  0  0  0  0  0  0  0  0  0  0  0  0  0  0  0  0  0  0  0  0  0  0  0  0  0  0 
  EXP: 81 82 81 80 82 81 80 82 81 7f 82 81 7c 81 82 7f 81 82 80 81 82 80 81 82 81 80 82 81 80 82 81 7f 

##################################################
PC_group: 784 (Non-exceptional instruction)
PC 784 (block_id, warp_id)=(, (1,0,0), 0)
  EXC:  0  0  0  0  0  0  0  0  0  0  0  0  0  0  0  0  0  0  0  0  0  0  0  0  0  0  0  0  0  0  0  0 
  EXP: 82 82 7d 82 82 7f 82 82 80 81 82 81 81 82 81 81 82 81 80 82 81 7f 82 82 7d 82 82 7f 82 82 80 81 
PC 784 (block_id, warp_id)=(, (1,0,0), 1)
  EXC:  0  0  0  0  0  0  0  0  0  0  0  0  0  0  0  0  0  0  0  0  0  0  0  0  0  0  0  0  0  0  0  0 
  EXP: 82 81 81 d5 00 00 00 00 00 00 00 00 00 00 00 00 00 00 00 00 00 00 00 00 00 00 00 00 00 00 00 00 
PC 784 (block_id, warp_id)=(, (0,0,0), 1)
  EXC:  0  0  0  0  0  0  0  0  0  0  0  0  0  0  0  0  0  0  0  0  0  0  0  0  0  0  0  0  0  0  0  0 
  EXP: 00 82 82 7f 82 82 80 81 82 81 81 82 81 81 82 81 80 82 82 7f 82 82 7b 82 82 7f 82 82 80 81 82 81 
PC 784 (block_id, warp_id)=(, (0,0,0), 2)
  EXC:  0  0  0  0  0  0  0  0  0  0  0  0  0  0  0  0  0  0  0  0  0  0  0  0  0  0  0  0  0  0  0  0 
  EXP: 81 82 81 81 82 81 80 82 81 7f 82 82 7c 82 82 7f 82 82 80 81 82 81 81 82 81 81 82 81 80 82 81 7f 

##################################################
PC_group: 832 (Non-exceptional instruction)
PC 832 (block_id, warp_id)=(, (1,0,0), 0)
  EXC:  0  0  0  0  0  0  0  0  0  0  0  0  0  0  0  0  0  0  0  0  0  0  0  0  0  0  0  0  0  0  0  0 
  EXP: 82 82 7d 82 82 7f 82 82 80 82 82 81 81 82 81 81 82 82 81 82 82 80 82 82 7d 82 82 7f 82 82 80 82 
PC 832 (block_id, warp_id)=(, (1,0,0), 1)
  EXC:  0  0  0  0  0  0  0  0  0  0  0  0  0  0  0  0  0  0  0  0  0  0  0  0  0  0  0  0  0  0  0  0 
  EXP: 82 81 81 db 00 00 00 00 00 00 00 00 00 00 00 00 00 00 00 00 00 00 00 00 00 00 00 00 00 00 00 00 
PC 832 (block_id, warp_id)=(, (0,0,0), 1)
  EXC:  0  0  0  0  0  0  0  0  0  0  0  0  0  0  0  0  0  0  0  0  0  0  0  0  0  0  0  0  0  0  0  0 
  EXP: 00 82 82 7f 82 82 80 82 82 81 81 82 81 81 82 82 80 82 82 7f 82 82 7b 82 82 7f 82 82 80 82 82 81 
PC 832 (block_id, warp_id)=(, (0,0,0), 2)
  EXC:  0  0  0  0  0  0  0  0  0  0  0  0  0  0  0  0  0  0  0  0  0  0  0  0  0  0  0  0  0  0  0  0 
  EXP: 81 82 81 81 82 82 80 82 82 80 82 82 7c 82 82 7f 82 82 80 82 82 81 81 82 81 81 82 82 80 82 82 80 

##################################################
PC_group: 880 (Non-exceptional instruction)
PC 880 (block_id, warp_id)=(, (1,0,0), 0)
  EXC:  0  0  0  0  0  0  0  0  0  0  0  0  0  0  0  0  0  0  0  0  0  0  0  0  0  0  0  0  0  0  0  0 
  EXP: 82 82 7d 82 82 7f 82 82 80 82 82 81 82 82 81 81 82 82 81 82 82 80 82 82 7e 82 82 7f 82 82 80 82 
PC 880 (block_id, warp_id)=(, (1,0,0), 1)
  EXC:  0  0  0  0  0  0  0  0  0  0  0  0  0  0  0  0  0  0  0  0  0  0  0  0  0  0  0  0  0  0  0  0 
  EXP: 82 81 82 e2 00 00 00 00 00 00 00 00 00 00 00 00 00 00 00 00 00 00 00 00 00 00 00 00 00 00 00 00 
PC 880 (block_id, warp_id)=(, (0,0,0), 1)
  EXC:  0  0  0  0  0  0  0  0  0  0  0  0  0  0  0  0  0  0  0  0  0  0  0  0  0  0  0  0  0  0  0  0 
  EXP: 00 82 82 80 82 82 81 82 82 81 82 82 82 81 82 82 81 82 82 80 82 82 7c 82 82 80 82 82 81 82 82 81 
PC 880 (block_id, warp_id)=(, (0,0,0), 2)
  EXC:  0  0  0  0  0  0  0  0  0  0  0  0  0  0  0  0  0  0  0  0  0  0  0  0  0  0  0  0  0  0  0  0 
  EXP: 82 82 82 81 82 82 81 82 82 80 82 82 7d 82 82 7f 82 82 81 82 82 81 82 82 82 81 82 82 81 82 82 80 

##################################################
PC_group: 928 (Non-exceptional instruction)
PC 928 (block_id, warp_id)=(, (1,0,0), 0)
  EXC:  0  0  0  0  0  0  0  0  0  0  0  0  0  0  0  0  0  0  0  0  0  0  0  0  0  0  0  0  0  0  0  0 
  EXP: 83 82 7d 82 83 80 82 83 81 82 83 81 82 83 82 82 83 82 81 83 82 80 83 82 7e 82 83 7f 82 83 81 82 
PC 928 (block_id, warp_id)=(, (1,0,0), 1)
  EXC:  0  0  0  0  0  0  0  0  0  0  0  0  0  0  0  0  0  0  0  0  0  0  0  0  0  0  0  0  0  0  0  0 
  EXP: 83 81 82 e8 00 00 00 00 00 00 00 00 00 00 00 00 00 00 00 00 00 00 00 00 00 00 00 00 00 00 00 00 
PC 928 (block_id, warp_id)=(, (0,0,0), 1)
  EXC:  0  0  0  0  0  0  0  0  0  0  0  0  0  0  0  0  0  0  0  0  0  0  0  0  0  0  0  0  0  0  0  0 
  EXP: 00 82 83 80 82 83 81 82 83 81 82 83 82 81 83 82 81 83 82 80 83 82 7c 82 83 80 82 83 81 82 83 81 
PC 928 (block_id, warp_id)=(, (0,0,0), 2)
  EXC:  0  0  0  0  0  0  0  0  0  0  0  0  0  0  0  0  0  0  0  0  0  0  0  0  0  0  0  0  0  0  0  0 
  EXP: 82 83 82 81 83 82 81 83 82 80 83 82 7d 82 83 80 82 83 81 82 83 81 82 83 82 82 83 82 81 83 82 80 

##################################################
PC_group: 976 (Non-exceptional instruction)
PC 976 (block_id, warp_id)=(, (1,0,0), 0)
  EXC:  0  0  0  0  0  0  0  0  0  0  0  0  0  0  0  0  0  0  0  0  0  0  0  0  0  0  0  0  0  0  0  0 
  EXP: 83 83 7e 83 83 80 83 83 81 82 83 82 82 83 82 82 83 82 81 83 83 80 83 83 7e 83 83 80 83 83 81 82 
PC 976 (block_id, warp_id)=(, (1,0,0), 1)
  EXC:  0  0  0  0  0  0  0  0  0  0  0  0  0  0  0  0  0  0  0  0  0  0  0  0  0  0  0  0  0  0  0  0 
  EXP: 83 82 82 ef 00 00 00 00 00 00 00 00 00 00 00 00 00 00 00 00 00 00 00 00 00 00 00 00 00 00 00 00 
PC 976 (block_id, warp_id)=(, (0,0,0), 1)
  EXC:  0  0  0  0  0  0  0  0  0  0  0  0  0  0  0  0  0  0  0  0  0  0  0  0  0  0  0  0  0  0  0  0 
  EXP: 00 83 83 80 83 83 81 82 83 82 82 83 82 82 83 82 81 83 83 80 83 83 7c 83 83 80 83 83 81 82 83 82 
PC 976 (block_id, warp_id)=(, (0,0,0), 2)
  EXC:  0  0  0  0  0  0  0  0  0  0  0  0  0  0  0  0  0  0  0  0  0  0  0  0  0  0  0  0  0  0  0  0 
  EXP: 82 83 82 82 83 82 81 83 83 80 83 83 7d 83 83 80 83 83 81 82 83 82 82 83 82 82 83 82 81 83 83 80 

##################################################
PC_group: 1024 (Non-exceptional instruction)
PC 1024 (block_id, warp_id)=(, (1,0,0), 0)
  EXC:  0  0  0  0  0  0  0  0  0  0  0  0  0  0  0  0  0  0  0  0  0  0  0  0  0  0  0  0  0  0  0  0 
  EXP: 83 83 7e 83 83 80 83 83 81 83 83 82 82 83 82 82 83 83 82 83 83 81 83 83 7e 83 83 80 83 83 81 83 
PC 1024 (block_id, warp_id)=(, (1,0,0), 1)
  EXC:  0  0  0  0  0  0  0  0  0  0  0  0  0  0  0  0  0  0  0  0  0  0  0  0  0  0  0  0  0  0  0  0 
  EXP: 83 82 82 f6 00 00 00 00 00 00 00 00 00 00 00 00 00 00 00 00 00 00 00 00 00 00 00 00 00 00 00 00 
PC 1024 (block_id, warp_id)=(, (0,0,0), 1)
  EXC:  0  0  0  0  0  0  0  0  0  0  0  0  0  0  0  0  0  0  0  0  0  0  0  0  0  0  0  0  0  0  0  0 
  EXP: 00 83 83 80 83 83 81 83 83 82 82 83 82 82 83 83 81 83 83 80 83 83 7c 83 83 80 83 83 81 83 83 82 
PC 1024 (block_id, warp_id)=(, (0,0,0), 2)
  EXC:  0  0  0  0  0  0  0  0  0  0  0  0  0  0  0  0  0  0  0  0  0  0  0  0  0  0  0  0  0  0  0  0 
  EXP: 82 83 82 82 83 83 81 83 83 81 83 83 7d 83 83 80 83 83 81 83 83 82 82 83 82 82 83 83 82 83 83 81 

##################################################
PC_group: 1072 (Non-exceptional instruction)
PC 1072 (block_id, warp_id)=(, (1,0,0), 0)
  EXC:  0  0  0  0  0  0  0  0  0  0  0  0  0  0  0  0  0  0  0  0  0  0  0  0  0  0  0  0  0  0  0  0 
  EXP: 83 83 7e 83 83 80 83 83 82 83 83 82 83 83 83 82 83 83 82 83 83 81 83 83 7f 83 83 80 83 83 81 83 
PC 1072 (block_id, warp_id)=(, (1,0,0), 1)
  EXC:  0  0  0  0  0  0  0  0  0  0  0  0  0  0  0  0  0  0  0  0  0  0  0  0  0  0  0  0  0  0  0  0 
  EXP: 83 82 83 fc 00 00 00 00 00 00 00 00 00 00 00 00 00 00 00 00 00 00 00 00 00 00 00 00 00 00 00 00 
PC 1072 (block_id, warp_id)=(, (0,0,0), 1)
  EXC:  0  0  0  0  0  0  0  0  0  0  0  0  0  0  0  0  0  0  0  0  0  0  0  0  0  0  0  0  0  0  0  0 
  EXP: 00 83 83 81 83 83 82 83 83 82 83 83 83 82 83 83 82 83 83 81 83 83 7d 83 83 81 83 83 82 83 83 82 
PC 1072 (block_id, warp_id)=(, (0,0,0), 2)
  EXC:  0  0  0  0  0  0  0  0  0  0  0  0  0  0  0  0  0  0  0  0  0  0  0  0  0  0  0  0  0  0  0  0 
  EXP: 83 83 83 82 83 83 82 83 83 81 83 83 7e 83 83 80 83 83 82 83 83 82 83 83 83 82 83 83 82 83 83 81 

##################################################
PC_group: 1120 (Exceptional instruction)
PC 1120 (block_id, warp_id)=(, (1,0,0), 0)
  EXC:  0  0  0  0  0  0  0  0  0  0  0  0  0  0  0  0  0  0  0  0  0  0  0  0  0  0  0  0  0  0  0  0 
  EXP: 84 83 7f 84 84 81 83 84 82 83 84 82 83 84 83 83 84 83 82 84 83 81 84 83 7f 84 84 81 83 84 82 83 
PC 1120 (block_id, warp_id)=(, (1,0,0), 1)
  EXC:  0  0  0  2  0  0  0  0  0  0  0  0  0  0  0  0  0  0  0  0  0  0  0  0  0  0  0  0  0  0  0  0 
  EXP: 84 82 83 ff 00 00 00 00 00 00 00 00 00 00 00 00 00 00 00 00 00 00 00 00 00 00 00 00 00 00 00 00 
PC 1120 (block_id, warp_id)=(, (0,0,0), 1)
  EXC:  0  0  0  0  0  0  0  0  0  0  0  0  0  0  0  0  0  0  0  0  0  0  0  0  0  0  0  0  0  0  0  0 
  EXP: 00 84 84 81 83 84 82 83 84 82 83 84 83 83 84 83 82 84 83 81 84 84 7d 84 84 81 83 84 82 83 84 82 
PC 1120 (block_id, warp_id)=(, (0,0,0), 2)
  EXC:  0  0  0  0  0  0  0  0  0  0  0  0  0  0  0  0  0  0  0  0  0  0  0  0  0  0  0  0  0  0  0  0 
  EXP: 83 84 83 83 84 83 82 84 83 81 84 83 7e 84 84 81 83 84 82 83 84 82 83 84 83 83 84 83 82 84 83 81 
PC: 1120, (block_id, warp_id)->((1, 0, 0), 1)
 - lane_id: 3, execption: 2

##################################################
Summary:
Total unique PC:20
Exceptional PC:1
